Arguments: 
  /usr/local/Cellar/node/9.8.0/bin/node /usr/local/Cellar/yarn/1.5.1_1/libexec/bin/yarn.js test

PATH: 
  /Users/jeremy/.rvm/gems/ruby-2.4.1/bin:/Users/jeremy/.rvm/gems/ruby-2.4.1@global/bin:/Users/jeremy/.rvm/rubies/ruby-2.4.1/bin:/usr/local/bin:/usr/local/bin:/Users/jeremy/.config/yarn/global/node_modules/.bin:/usr/local/bin:/usr/bin:/bin:/usr/sbin:/sbin:/Users/jeremy/.rvm/gems/ruby-2.4.1/bin:/Users/jeremy/.rvm/gems/ruby-2.4.1@global/bin:/Users/jeremy/.rvm/rubies/ruby-2.4.1/bin:/Users/jeremy/.config/yarn/global/node_modules/.bin:/Users/jeremy/.rvm/bin

Yarn version: 
  1.5.1

Node version: 
  9.8.0

Platform: 
  darwin x64

npm manifest: 
  {
    "name": "aliemcards_cards",
    "version": "0.1.0",
    "main": "api/build/index.ts",
    "author": "Jeremy Voros",
    "license": "CC-BY-NC-3.0",
    "scripts": {
      "test": "ts-node ./api/tests/index.ts",
      "test:remark": "remark ./cards -q",
      "build": "ts-node ./api/build/index.ts",
      "build:snaps": "ts-node ./api/tests/build-snaps.ts",
      "deploy": "yarn build && cp -a ./admin ./api/dist"
    },
    "dependencies": {
      "@types/js-yaml": "^3.10.1",
      "@types/node": "^9.4.7",
      "fuse.js": "^3.2.0",
      "remark": "^9.0.0",
      "remark-cli": "^5.0.0",
      "remark-lint-blockquote-indentation": "^1.0.1",
      "remark-lint-emphasis-marker": "^1.0.1",
      "remark-lint-file-extension": "^1.0.1",
      "remark-lint-final-newline": "^1.0.1",
      "remark-lint-first-heading-level": "^1.1.1",
      "remark-lint-heading-increment": "^1.0.1",
      "remark-lint-heading-style": "^1.0.1",
      "remark-lint-linebreak-style": "^1.0.1",
      "remark-lint-list-item-bullet-indent": "^1.0.1",
      "remark-lint-list-item-content-indent": "^1.0.1",
      "remark-lint-list-item-indent": "^1.0.1",
      "remark-lint-no-auto-link-without-protocol": "^1.0.1",
      "remark-lint-no-blockquote-without-marker": "^2.0.1",
      "remark-lint-no-consecutive-blank-lines": "^1.0.1",
      "remark-lint-no-emphasis-as-heading": "^1.0.1",
      "remark-lint-no-file-name-outer-dashes": "^1.0.2",
      "remark-lint-no-heading-content-indent": "^1.0.1",
      "remark-lint-no-heading-indent": "^1.0.1",
      "remark-lint-no-heading-like-paragraph": "^1.0.1",
      "remark-lint-no-heading-punctuation": "^1.0.1",
      "remark-lint-no-inline-padding": "^1.0.1",
      "remark-lint-no-table-indentation": "^1.0.1",
      "remark-lint-ordered-list-marker-style": "^1.0.1",
      "remark-lint-ordered-list-marker-value": "^1.0.1",
      "remark-lint-strong-marker": "^1.0.1",
      "remark-lint-table-cell-padding": "^1.0.1",
      "remark-lint-table-pipe-alignment": "^1.0.1",
      "remark-lint-unordered-list-marker-style": "^1.0.1",
      "rimraf": "^2.6.2",
      "serverless-offline": "^3.24.3",
      "ts-node": "^5.0.1",
      "tslint": "^5.9.1",
      "typescript": "^2.7.2"
    }
  }

yarn manifest: 
  No manifest

Lockfile: 
  # THIS IS AN AUTOGENERATED FILE. DO NOT EDIT THIS FILE DIRECTLY.
  # yarn lockfile v1
  
  
  "@types/js-yaml@^3.10.1":
    version "3.11.1"
    resolved "https://registry.yarnpkg.com/@types/js-yaml/-/js-yaml-3.11.1.tgz#ac5bab26be5f9c6f74b6b23420f2cfa5a7a6ba40"
  
  "@types/node@^9.4.7":
    version "9.6.20"
    resolved "https://registry.yarnpkg.com/@types/node/-/node-9.6.20.tgz#b59a1bd357ae2df7d44d5ac98e9b64eb96ea1fef"
  
  abbrev@1:
    version "1.1.1"
    resolved "https://registry.yarnpkg.com/abbrev/-/abbrev-1.1.1.tgz#f8f2c887ad10bf67f634f005b6987fed3179aac8"
  
  accept@2.x.x:
    version "2.1.4"
    resolved "https://registry.yarnpkg.com/accept/-/accept-2.1.4.tgz#887af54ceee5c7f4430461971ec400c61d09acbb"
    dependencies:
      boom "5.x.x"
      hoek "4.x.x"
  
  ammo@2.x.x:
    version "2.0.4"
    resolved "https://registry.yarnpkg.com/ammo/-/ammo-2.0.4.tgz#bf80aab211698ea78f63ef5e7f113dd5d9e8917f"
    dependencies:
      boom "5.x.x"
      hoek "4.x.x"
  
  ansi-regex@^2.0.0:
    version "2.1.1"
    resolved "https://registry.yarnpkg.com/ansi-regex/-/ansi-regex-2.1.1.tgz#c3b33ab5ee360d86e0e628f0468ae7ef27d654df"
  
  ansi-regex@^3.0.0:
    version "3.0.0"
    resolved "https://registry.yarnpkg.com/ansi-regex/-/ansi-regex-3.0.0.tgz#ed0317c322064f79466c02966bddb605ab37d998"
  
  ansi-styles@^2.2.1:
    version "2.2.1"
    resolved "https://registry.yarnpkg.com/ansi-styles/-/ansi-styles-2.2.1.tgz#b432dd3358b634cf75e1e4664368240533c1ddbe"
  
  ansi-styles@^3.2.1:
    version "3.2.1"
    resolved "https://registry.yarnpkg.com/ansi-styles/-/ansi-styles-3.2.1.tgz#41fbb20243e50b12be0f04b8dedbf07520ce841d"
    dependencies:
      color-convert "^1.9.0"
  
  anymatch@^1.3.0:
    version "1.3.2"
    resolved "https://registry.yarnpkg.com/anymatch/-/anymatch-1.3.2.tgz#553dcb8f91e3c889845dfdba34c77721b90b9d7a"
    dependencies:
      micromatch "^2.1.5"
      normalize-path "^2.0.0"
  
  aproba@^1.0.3:
    version "1.2.0"
    resolved "https://registry.yarnpkg.com/aproba/-/aproba-1.2.0.tgz#6802e6264efd18c790a1b0d517f0f2627bf2c94a"
  
  are-we-there-yet@~1.1.2:
    version "1.1.5"
    resolved "https://registry.yarnpkg.com/are-we-there-yet/-/are-we-there-yet-1.1.5.tgz#4b35c2944f062a8bfcda66410760350fe9ddfc21"
    dependencies:
      delegates "^1.0.0"
      readable-stream "^2.0.6"
  
  argparse@^1.0.7:
    version "1.0.10"
    resolved "https://registry.yarnpkg.com/argparse/-/argparse-1.0.10.tgz#bcd6791ea5ae09725e17e5ad988134cd40b3d911"
    dependencies:
      sprintf-js "~1.0.2"
  
  arr-diff@^2.0.0:
    version "2.0.0"
    resolved "https://registry.yarnpkg.com/arr-diff/-/arr-diff-2.0.0.tgz#8f3b827f955a8bd669697e4a4256ac3ceae356cf"
    dependencies:
      arr-flatten "^1.0.1"
  
  arr-flatten@^1.0.1:
    version "1.1.0"
    resolved "https://registry.yarnpkg.com/arr-flatten/-/arr-flatten-1.1.0.tgz#36048bbff4e7b47e136644316c99669ea5ae91f1"
  
  array-iterate@^1.0.0:
    version "1.1.2"
    resolved "https://registry.yarnpkg.com/array-iterate/-/array-iterate-1.1.2.tgz#f66a57e84426f8097f4197fbb6c051b8e5cdf7d8"
  
  array-unique@^0.2.1:
    version "0.2.1"
    resolved "https://registry.yarnpkg.com/array-unique/-/array-unique-0.2.1.tgz#a1d97ccafcbc2625cc70fadceb36a50c58b01a53"
  
  arrify@^1.0.0:
    version "1.0.1"
    resolved "https://registry.yarnpkg.com/arrify/-/arrify-1.0.1.tgz#898508da2226f380df904728456849c1501a4b0d"
  
  async-each@^1.0.0:
    version "1.0.1"
    resolved "https://registry.yarnpkg.com/async-each/-/async-each-1.0.1.tgz#19d386a1d9edc6e7c1c85d388aedbcc56d33602d"
  
  b64@3.x.x:
    version "3.0.3"
    resolved "https://registry.yarnpkg.com/b64/-/b64-3.0.3.tgz#36afeee0d9345f046387ce6de8a6702afe5bb56e"
  
  babel-code-frame@^6.22.0, babel-code-frame@^6.26.0:
    version "6.26.0"
    resolved "https://registry.yarnpkg.com/babel-code-frame/-/babel-code-frame-6.26.0.tgz#63fd43f7dc1e3bb7ce35947db8fe369a3f58c74b"
    dependencies:
      chalk "^1.1.3"
      esutils "^2.0.2"
      js-tokens "^3.0.2"
  
  babel-core@^6.26.0:
    version "6.26.3"
    resolved "https://registry.yarnpkg.com/babel-core/-/babel-core-6.26.3.tgz#b2e2f09e342d0f0c88e2f02e067794125e75c207"
    dependencies:
      babel-code-frame "^6.26.0"
      babel-generator "^6.26.0"
      babel-helpers "^6.24.1"
      babel-messages "^6.23.0"
      babel-register "^6.26.0"
      babel-runtime "^6.26.0"
      babel-template "^6.26.0"
      babel-traverse "^6.26.0"
      babel-types "^6.26.0"
      babylon "^6.18.0"
      convert-source-map "^1.5.1"
      debug "^2.6.9"
      json5 "^0.5.1"
      lodash "^4.17.4"
      minimatch "^3.0.4"
      path-is-absolute "^1.0.1"
      private "^0.1.8"
      slash "^1.0.0"
      source-map "^0.5.7"
  
  babel-generator@^6.26.0:
    version "6.26.1"
    resolved "https://registry.yarnpkg.com/babel-generator/-/babel-generator-6.26.1.tgz#1844408d3b8f0d35a404ea7ac180f087a601bd90"
    dependencies:
      babel-messages "^6.23.0"
      babel-runtime "^6.26.0"
      babel-types "^6.26.0"
      detect-indent "^4.0.0"
      jsesc "^1.3.0"
      lodash "^4.17.4"
      source-map "^0.5.7"
      trim-right "^1.0.1"
  
  babel-helpers@^6.24.1:
    version "6.24.1"
    resolved "https://registry.yarnpkg.com/babel-helpers/-/babel-helpers-6.24.1.tgz#3471de9caec388e5c850e597e58a26ddf37602b2"
    dependencies:
      babel-runtime "^6.22.0"
      babel-template "^6.24.1"
  
  babel-messages@^6.23.0:
    version "6.23.0"
    resolved "https://registry.yarnpkg.com/babel-messages/-/babel-messages-6.23.0.tgz#f3cdf4703858035b2a2951c6ec5edf6c62f2630e"
    dependencies:
      babel-runtime "^6.22.0"
  
  babel-register@^6.18.0, babel-register@^6.26.0:
    version "6.26.0"
    resolved "https://registry.yarnpkg.com/babel-register/-/babel-register-6.26.0.tgz#6ed021173e2fcb486d7acb45c6009a856f647071"
    dependencies:
      babel-core "^6.26.0"
      babel-runtime "^6.26.0"
      core-js "^2.5.0"
      home-or-tmp "^2.0.0"
      lodash "^4.17.4"
      mkdirp "^0.5.1"
      source-map-support "^0.4.15"
  
  babel-runtime@^6.22.0, babel-runtime@^6.26.0:
    version "6.26.0"
    resolved "https://registry.yarnpkg.com/babel-runtime/-/babel-runtime-6.26.0.tgz#965c7058668e82b55d7bfe04ff2337bc8b5647fe"
    dependencies:
      core-js "^2.4.0"
      regenerator-runtime "^0.11.0"
  
  babel-template@^6.24.1, babel-template@^6.26.0:
    version "6.26.0"
    resolved "https://registry.yarnpkg.com/babel-template/-/babel-template-6.26.0.tgz#de03e2d16396b069f46dd9fff8521fb1a0e35e02"
    dependencies:
      babel-runtime "^6.26.0"
      babel-traverse "^6.26.0"
      babel-types "^6.26.0"
      babylon "^6.18.0"
      lodash "^4.17.4"
  
  babel-traverse@^6.26.0:
    version "6.26.0"
    resolved "https://registry.yarnpkg.com/babel-traverse/-/babel-traverse-6.26.0.tgz#46a9cbd7edcc62c8e5c064e2d2d8d0f4035766ee"
    dependencies:
      babel-code-frame "^6.26.0"
      babel-messages "^6.23.0"
      babel-runtime "^6.26.0"
      babel-types "^6.26.0"
      babylon "^6.18.0"
      debug "^2.6.8"
      globals "^9.18.0"
      invariant "^2.2.2"
      lodash "^4.17.4"
  
  babel-types@^6.26.0:
    version "6.26.0"
    resolved "https://registry.yarnpkg.com/babel-types/-/babel-types-6.26.0.tgz#a3b073f94ab49eb6fa55cd65227a334380632497"
    dependencies:
      babel-runtime "^6.26.0"
      esutils "^2.0.2"
      lodash "^4.17.4"
      to-fast-properties "^1.0.3"
  
  babylon@^6.18.0:
    version "6.18.0"
    resolved "https://registry.yarnpkg.com/babylon/-/babylon-6.18.0.tgz#af2f3b88fa6f5c1e4c634d1a0f8eac4f55b395e3"
  
  bail@^1.0.0:
    version "1.0.3"
    resolved "https://registry.yarnpkg.com/bail/-/bail-1.0.3.tgz#63cfb9ddbac829b02a3128cd53224be78e6c21a3"
  
  balanced-match@^1.0.0:
    version "1.0.0"
    resolved "https://registry.yarnpkg.com/balanced-match/-/balanced-match-1.0.0.tgz#89b4d199ab2bee49de164ea02b89ce462d71b767"
  
  binary-extensions@^1.0.0:
    version "1.11.0"
    resolved "https://registry.yarnpkg.com/binary-extensions/-/binary-extensions-1.11.0.tgz#46aa1751fb6a2f93ee5e689bb1087d4b14c6c205"
  
  boom@3.X.X, boom@3.x.x:
    version "3.2.2"
    resolved "https://registry.yarnpkg.com/boom/-/boom-3.2.2.tgz#0f0cc5d04adc5003b8c7d71f42cca7271fef0e78"
    dependencies:
      hoek "4.x.x"
  
  boom@4.x.x, boom@^4.2.0:
    version "4.3.1"
    resolved "https://registry.yarnpkg.com/boom/-/boom-4.3.1.tgz#4f8a3005cb4a7e3889f749030fd25b96e01d2e31"
    dependencies:
      hoek "4.x.x"
  
  boom@5.x.x:
    version "5.2.0"
    resolved "https://registry.yarnpkg.com/boom/-/boom-5.2.0.tgz#5dd9da6ee3a5f302077436290cb717d3f4a54e02"
    dependencies:
      hoek "4.x.x"
  
  brace-expansion@^1.1.7:
    version "1.1.11"
    resolved "https://registry.yarnpkg.com/brace-expansion/-/brace-expansion-1.1.11.tgz#3c7fcbf529d87226f3d2f52b966ff5271eb441dd"
    dependencies:
      balanced-match "^1.0.0"
      concat-map "0.0.1"
  
  braces@^1.8.2:
    version "1.8.5"
    resolved "https://registry.yarnpkg.com/braces/-/braces-1.8.5.tgz#ba77962e12dff969d6b76711e914b737857bf6a7"
    dependencies:
      expand-range "^1.8.1"
      preserve "^0.2.0"
      repeat-element "^1.1.2"
  
  buffer-equal-constant-time@1.0.1:
    version "1.0.1"
    resolved "https://registry.yarnpkg.com/buffer-equal-constant-time/-/buffer-equal-constant-time-1.0.1.tgz#f8e71132f7ffe6e01a5c9697a4c6f3e48d5cc819"
  
  buffer-from@^1.0.0:
    version "1.1.0"
    resolved "https://registry.yarnpkg.com/buffer-from/-/buffer-from-1.1.0.tgz#87fcaa3a298358e0ade6e442cfce840740d1ad04"
  
  builtin-modules@^1.1.1:
    version "1.1.1"
    resolved "https://registry.yarnpkg.com/builtin-modules/-/builtin-modules-1.1.1.tgz#270f076c5a72c02f5b65a47df94c5fe3a278892f"
  
  call@3.x.x:
    version "3.0.4"
    resolved "https://registry.yarnpkg.com/call/-/call-3.0.4.tgz#e380f2f2a491330aa79085355f8be080877d559e"
    dependencies:
      boom "4.x.x"
      hoek "4.x.x"
  
  camelcase@^4.0.0:
    version "4.1.0"
    resolved "https://registry.yarnpkg.com/camelcase/-/camelcase-4.1.0.tgz#d545635be1e33c542649c69173e5de6acfae34dd"
  
  catbox-memory@2.x.x:
    version "2.0.4"
    resolved "https://registry.yarnpkg.com/catbox-memory/-/catbox-memory-2.0.4.tgz#433e255902caf54233d1286429c8f4df14e822d5"
    dependencies:
      hoek "4.x.x"
  
  catbox@7.x.x:
    version "7.1.5"
    resolved "https://registry.yarnpkg.com/catbox/-/catbox-7.1.5.tgz#c56f7e8e9555d27c0dc038a96ef73e57d186bb1f"
    dependencies:
      boom "5.x.x"
      hoek "4.x.x"
      joi "10.x.x"
  
  ccount@^1.0.0:
    version "1.0.3"
    resolved "https://registry.yarnpkg.com/ccount/-/ccount-1.0.3.tgz#f1cec43f332e2ea5a569fd46f9f5bde4e6102aff"
  
  chalk@^1.1.3:
    version "1.1.3"
    resolved "https://registry.yarnpkg.com/chalk/-/chalk-1.1.3.tgz#a8115c55e4a702fe4d150abd3872822a7e09fc98"
    dependencies:
      ansi-styles "^2.2.1"
      escape-string-regexp "^1.0.2"
      has-ansi "^2.0.0"
      strip-ansi "^3.0.0"
      supports-color "^2.0.0"
  
  chalk@^2.0.0, chalk@^2.3.0:
    version "2.4.1"
    resolved "https://registry.yarnpkg.com/chalk/-/chalk-2.4.1.tgz#18c49ab16a037b6eb0152cc83e3471338215b66e"
    dependencies:
      ansi-styles "^3.2.1"
      escape-string-regexp "^1.0.5"
      supports-color "^5.3.0"
  
  character-entities-html4@^1.0.0:
    version "1.1.2"
    resolved "https://registry.yarnpkg.com/character-entities-html4/-/character-entities-html4-1.1.2.tgz#c44fdde3ce66b52e8d321d6c1bf46101f0150610"
  
  character-entities-legacy@^1.0.0:
    version "1.1.2"
    resolved "https://registry.yarnpkg.com/character-entities-legacy/-/character-entities-legacy-1.1.2.tgz#7c6defb81648498222c9855309953d05f4d63a9c"
  
  character-entities@^1.0.0:
    version "1.2.2"
    resolved "https://registry.yarnpkg.com/character-entities/-/character-entities-1.2.2.tgz#58c8f371c0774ef0ba9b2aca5f00d8f100e6e363"
  
  character-reference-invalid@^1.0.0:
    version "1.1.2"
    resolved "https://registry.yarnpkg.com/character-reference-invalid/-/character-reference-invalid-1.1.2.tgz#21e421ad3d84055952dab4a43a04e73cd425d3ed"
  
  chokidar@^1.5.1:
    version "1.7.0"
    resolved "https://registry.yarnpkg.com/chokidar/-/chokidar-1.7.0.tgz#798e689778151c8076b4b360e5edd28cda2bb468"
    dependencies:
      anymatch "^1.3.0"
      async-each "^1.0.0"
      glob-parent "^2.0.0"
      inherits "^2.0.1"
      is-binary-path "^1.0.0"
      is-glob "^2.0.0"
      path-is-absolute "^1.0.0"
      readdirp "^2.0.0"
    optionalDependencies:
      fsevents "^1.0.0"
  
  chownr@^1.0.1:
    version "1.0.1"
    resolved "https://registry.yarnpkg.com/chownr/-/chownr-1.0.1.tgz#e2a75042a9551908bebd25b8523d5f9769d79181"
  
  co@3.1.0:
    version "3.1.0"
    resolved "https://registry.yarnpkg.com/co/-/co-3.1.0.tgz#4ea54ea5a08938153185e15210c68d9092bc1b78"
  
  code-point-at@^1.0.0:
    version "1.1.0"
    resolved "https://registry.yarnpkg.com/code-point-at/-/code-point-at-1.1.0.tgz#0d070b4d043a5bea33a2f1a40e2edb3d9a4ccf77"
  
  collapse-white-space@^1.0.2:
    version "1.0.4"
    resolved "https://registry.yarnpkg.com/collapse-white-space/-/collapse-white-space-1.0.4.tgz#ce05cf49e54c3277ae573036a26851ba430a0091"
  
  color-convert@^1.9.0:
    version "1.9.1"
    resolved "https://registry.yarnpkg.com/color-convert/-/color-convert-1.9.1.tgz#c1261107aeb2f294ebffec9ed9ecad529a6097ed"
    dependencies:
      color-name "^1.1.1"
  
  color-name@^1.1.1:
    version "1.1.3"
    resolved "https://registry.yarnpkg.com/color-name/-/color-name-1.1.3.tgz#a7d0558bd89c42f795dd42328f740831ca53bc25"
  
  commander@^2.12.1:
    version "2.15.1"
    resolved "https://registry.yarnpkg.com/commander/-/commander-2.15.1.tgz#df46e867d0fc2aec66a34662b406a9ccafff5b0f"
  
  concat-map@0.0.1:
    version "0.0.1"
    resolved "https://registry.yarnpkg.com/concat-map/-/concat-map-0.0.1.tgz#d8a96bd77fd68df7793a73036a3ba0d5405d477b"
  
  concat-stream@^1.5.1:
    version "1.6.2"
    resolved "https://registry.yarnpkg.com/concat-stream/-/concat-stream-1.6.2.tgz#904bdf194cd3122fc675c77fc4ac3d4ff0fd1a34"
    dependencies:
      buffer-from "^1.0.0"
      inherits "^2.0.3"
      readable-stream "^2.2.2"
      typedarray "^0.0.6"
  
  console-control-strings@^1.0.0, console-control-strings@~1.1.0:
    version "1.1.0"
    resolved "https://registry.yarnpkg.com/console-control-strings/-/console-control-strings-1.1.0.tgz#3d7cf4464db6446ea644bf4b39507f9851008e8e"
  
  content@3.x.x:
    version "3.0.7"
    resolved "https://registry.yarnpkg.com/content/-/content-3.0.7.tgz#0cbb88e82702d35ccf59800b8add609bb5c1dfc2"
    dependencies:
      boom "5.x.x"
  
  convert-source-map@^1.5.1:
    version "1.5.1"
    resolved "https://registry.yarnpkg.com/convert-source-map/-/convert-source-map-1.5.1.tgz#b8278097b9bc229365de5c62cf5fcaed8b5599e5"
  
  core-js@^2.4.0, core-js@^2.5.0:
    version "2.5.7"
    resolved "https://registry.yarnpkg.com/core-js/-/core-js-2.5.7.tgz#f972608ff0cead68b841a16a932d0b183791814e"
  
  core-util-is@~1.0.0:
    version "1.0.2"
    resolved "https://registry.yarnpkg.com/core-util-is/-/core-util-is-1.0.2.tgz#b5fd54220aa2bc5ab57aab7140c940754503c1a7"
  
  cryptiles@3.x.x:
    version "3.1.2"
    resolved "https://registry.yarnpkg.com/cryptiles/-/cryptiles-3.1.2.tgz#a89fbb220f5ce25ec56e8c4aa8a4fd7b5b0d29fe"
    dependencies:
      boom "5.x.x"
  
  debug@^2.1.2, debug@^2.6.8, debug@^2.6.9:
    version "2.6.9"
    resolved "https://registry.yarnpkg.com/debug/-/debug-2.6.9.tgz#5d128515df134ff327e90a4c93f4e077a536341f"
    dependencies:
      ms "2.0.0"
  
  debug@^3.1.0:
    version "3.1.0"
    resolved "https://registry.yarnpkg.com/debug/-/debug-3.1.0.tgz#5bb5a0672628b64149566ba16819e61518c67261"
    dependencies:
      ms "2.0.0"
  
  deep-extend@^0.6.0:
    version "0.6.0"
    resolved "https://registry.yarnpkg.com/deep-extend/-/deep-extend-0.6.0.tgz#c4fa7c95404a17a9c3e8ca7e1537312b736330ac"
  
  delegates@^1.0.0:
    version "1.0.0"
    resolved "https://registry.yarnpkg.com/delegates/-/delegates-1.0.0.tgz#84c6e159b81904fdca59a0ef44cd870d31250f9a"
  
  detect-indent@^4.0.0:
    version "4.0.0"
    resolved "https://registry.yarnpkg.com/detect-indent/-/detect-indent-4.0.0.tgz#f76d064352cdf43a1cb6ce619c4ee3a9475de208"
    dependencies:
      repeating "^2.0.0"
  
  detect-libc@^1.0.2:
    version "1.0.3"
    resolved "https://registry.yarnpkg.com/detect-libc/-/detect-libc-1.0.3.tgz#fa137c4bd698edf55cd5cd02ac559f91a4c4ba9b"
  
  diff@^3.1.0, diff@^3.2.0:
    version "3.5.0"
    resolved "https://registry.yarnpkg.com/diff/-/diff-3.5.0.tgz#800c0dd1e0a8bfbc95835c202ad220fe317e5a12"
  
  ecdsa-sig-formatter@1.0.10:
    version "1.0.10"
    resolved "https://registry.yarnpkg.com/ecdsa-sig-formatter/-/ecdsa-sig-formatter-1.0.10.tgz#1c595000f04a8897dfb85000892a0f4c33af86c3"
    dependencies:
      safe-buffer "^5.0.1"
  
  error-ex@^1.3.1:
    version "1.3.1"
    resolved "https://registry.yarnpkg.com/error-ex/-/error-ex-1.3.1.tgz#f855a86ce61adc4e8621c3cda21e7a7612c3a8dc"
    dependencies:
      is-arrayish "^0.2.1"
  
  escape-string-regexp@^1.0.2, escape-string-regexp@^1.0.5:
    version "1.0.5"
    resolved "https://registry.yarnpkg.com/escape-string-regexp/-/escape-string-regexp-1.0.5.tgz#1b61c0562190a8dff6ae3bb2cf0200ca130b86d4"
  
  esprima@^4.0.0:
    version "4.0.0"
    resolved "https://registry.yarnpkg.com/esprima/-/esprima-4.0.0.tgz#4499eddcd1110e0b218bacf2fa7f7f59f55ca804"
  
  esutils@^2.0.2:
    version "2.0.2"
    resolved "https://registry.yarnpkg.com/esutils/-/esutils-2.0.2.tgz#0abf4f1caa5bcb1f7a9d8acc6dea4faaa04bac9b"
  
  expand-brackets@^0.1.4:
    version "0.1.5"
    resolved "https://registry.yarnpkg.com/expand-brackets/-/expand-brackets-0.1.5.tgz#df07284e342a807cd733ac5af72411e581d1177b"
    dependencies:
      is-posix-bracket "^0.1.0"
  
  expand-range@^1.8.1:
    version "1.8.2"
    resolved "https://registry.yarnpkg.com/expand-range/-/expand-range-1.8.2.tgz#a299effd335fe2721ebae8e257ec79644fc85337"
    dependencies:
      fill-range "^2.1.0"
  
  extend@^3.0.0:
    version "3.0.1"
    resolved "https://registry.yarnpkg.com/extend/-/extend-3.0.1.tgz#a755ea7bc1adfcc5a31ce7e762dbaadc5e636444"
  
  extglob@^0.3.1:
    version "0.3.2"
    resolved "https://registry.yarnpkg.com/extglob/-/extglob-0.3.2.tgz#2e18ff3d2f49ab2765cec9023f011daa8d8349a1"
    dependencies:
      is-extglob "^1.0.0"
  
  fault@^1.0.0:
    version "1.0.2"
    resolved "https://registry.yarnpkg.com/fault/-/fault-1.0.2.tgz#c3d0fec202f172a3a4d414042ad2bb5e2a3ffbaa"
    dependencies:
      format "^0.2.2"
  
  filename-regex@^2.0.0:
    version "2.0.1"
    resolved "https://registry.yarnpkg.com/filename-regex/-/filename-regex-2.0.1.tgz#c1c4b9bee3e09725ddb106b75c1e301fe2f18b26"
  
  fill-range@^2.1.0:
    version "2.2.4"
    resolved "https://registry.yarnpkg.com/fill-range/-/fill-range-2.2.4.tgz#eb1e773abb056dcd8df2bfdf6af59b8b3a936565"
    dependencies:
      is-number "^2.1.0"
      isobject "^2.0.0"
      randomatic "^3.0.0"
      repeat-element "^1.1.2"
      repeat-string "^1.5.2"
  
  fn-name@^2.0.1:
    version "2.0.1"
    resolved "https://registry.yarnpkg.com/fn-name/-/fn-name-2.0.1.tgz#5214d7537a4d06a4a301c0cc262feb84188002e7"
  
  for-in@^1.0.1:
    version "1.0.2"
    resolved "https://registry.yarnpkg.com/for-in/-/for-in-1.0.2.tgz#81068d295a8142ec0ac726c6e2200c30fb6d5e80"
  
  for-own@^0.1.4:
    version "0.1.5"
    resolved "https://registry.yarnpkg.com/for-own/-/for-own-0.1.5.tgz#5265c681a4f294dabbf17c9509b6763aa84510ce"
    dependencies:
      for-in "^1.0.1"
  
  format@^0.2.2:
    version "0.2.2"
    resolved "https://registry.yarnpkg.com/format/-/format-0.2.2.tgz#d6170107e9efdc4ed30c9dc39016df942b5cb58b"
  
  fs-minipass@^1.2.5:
    version "1.2.5"
    resolved "https://registry.yarnpkg.com/fs-minipass/-/fs-minipass-1.2.5.tgz#06c277218454ec288df77ada54a03b8702aacb9d"
    dependencies:
      minipass "^2.2.1"
  
  fs.realpath@^1.0.0:
    version "1.0.0"
    resolved "https://registry.yarnpkg.com/fs.realpath/-/fs.realpath-1.0.0.tgz#1504ad2523158caa40db4a2787cb01411994ea4f"
  
  fsevents@^1.0.0:
    version "1.2.4"
    resolved "https://registry.yarnpkg.com/fsevents/-/fsevents-1.2.4.tgz#f41dcb1af2582af3692da36fc55cbd8e1041c426"
    dependencies:
      nan "^2.9.2"
      node-pre-gyp "^0.10.0"
  
  fuse.js@^3.2.0:
    version "3.2.0"
    resolved "https://registry.yarnpkg.com/fuse.js/-/fuse.js-3.2.0.tgz#f0448e8069855bf2a3e683cdc1d320e7e2a07ef4"
  
  gauge@~2.7.3:
    version "2.7.4"
    resolved "https://registry.yarnpkg.com/gauge/-/gauge-2.7.4.tgz#2c03405c7538c39d7eb37b317022e325fb018bf7"
    dependencies:
      aproba "^1.0.3"
      console-control-strings "^1.0.0"
      has-unicode "^2.0.0"
      object-assign "^4.1.0"
      signal-exit "^3.0.0"
      string-width "^1.0.1"
      strip-ansi "^3.0.1"
      wide-align "^1.1.0"
  
  glob-base@^0.3.0:
    version "0.3.0"
    resolved "https://registry.yarnpkg.com/glob-base/-/glob-base-0.3.0.tgz#dbb164f6221b1c0b1ccf82aea328b497df0ea3c4"
    dependencies:
      glob-parent "^2.0.0"
      is-glob "^2.0.0"
  
  glob-parent@^2.0.0:
    version "2.0.0"
    resolved "https://registry.yarnpkg.com/glob-parent/-/glob-parent-2.0.0.tgz#81383d72db054fcccf5336daa902f182f6edbb28"
    dependencies:
      is-glob "^2.0.0"
  
  glob@^7.0.3, glob@^7.0.5, glob@^7.1.1:
    version "7.1.2"
    resolved "https://registry.yarnpkg.com/glob/-/glob-7.1.2.tgz#c19c9df9a028702d678612384a6552404c636d15"
    dependencies:
      fs.realpath "^1.0.0"
      inflight "^1.0.4"
      inherits "2"
      minimatch "^3.0.4"
      once "^1.3.0"
      path-is-absolute "^1.0.0"
  
  globals@^9.18.0:
    version "9.18.0"
    resolved "https://registry.yarnpkg.com/globals/-/globals-9.18.0.tgz#aa3896b3e69b487f17e31ed2143d69a8e30c2d8a"
  
  graceful-fs@^4.1.2:
    version "4.1.11"
    resolved "https://registry.yarnpkg.com/graceful-fs/-/graceful-fs-4.1.11.tgz#0e8bdfe4d1ddb8854d64e04ea7c00e2a026e5658"
  
  h2o2@^5.4.0:
    version "5.4.0"
    resolved "https://registry.yarnpkg.com/h2o2/-/h2o2-5.4.0.tgz#d6857ca05355200c890b34a66606caba0229ed58"
    dependencies:
      boom "3.X.X"
      hoek "4.X.X"
      joi "9.X.X"
      wreck "9.X.X"
  
  hapi-cors-headers@^1.0.0:
    version "1.0.3"
    resolved "https://registry.yarnpkg.com/hapi-cors-headers/-/hapi-cors-headers-1.0.3.tgz#856b0a9870f435249492c5a52d2744317a8cc1fd"
  
  hapi@14.2.0:
    version "14.2.0"
    resolved "https://registry.yarnpkg.com/hapi/-/hapi-14.2.0.tgz#e4fe2fc182598a0f81e87b41b6be0fbd31c75409"
    dependencies:
      accept "2.x.x"
      ammo "2.x.x"
      boom "3.x.x"
      call "3.x.x"
      catbox "7.x.x"
      catbox-memory "2.x.x"
      cryptiles "3.x.x"
      heavy "4.x.x"
      hoek "4.x.x"
      iron "4.x.x"
      items "2.x.x"
      joi "9.x.x"
      kilt "2.x.x"
      mimos "3.x.x"
      peekaboo "2.x.x"
      shot "3.x.x"
      statehood "4.x.x"
      subtext "4.x.x"
      topo "2.x.x"
  
  has-ansi@^2.0.0:
    version "2.0.0"
    resolved "https://registry.yarnpkg.com/has-ansi/-/has-ansi-2.0.0.tgz#34f5049ce1ecdf2b0649af3ef24e45ed35416d91"
    dependencies:
      ansi-regex "^2.0.0"
  
  has-flag@^2.0.0:
    version "2.0.0"
    resolved "https://registry.yarnpkg.com/has-flag/-/has-flag-2.0.0.tgz#e8207af1cc7b30d446cc70b734b5e8be18f88d51"
  
  has-flag@^3.0.0:
    version "3.0.0"
    resolved "https://registry.yarnpkg.com/has-flag/-/has-flag-3.0.0.tgz#b5d454dc2199ae225699f3467e5a07f3b955bafd"
  
  has-unicode@^2.0.0:
    version "2.0.1"
    resolved "https://registry.yarnpkg.com/has-unicode/-/has-unicode-2.0.1.tgz#e0e6fe6a28cf51138855e086d1691e771de2a8b9"
  
  heavy@4.x.x:
    version "4.0.4"
    resolved "https://registry.yarnpkg.com/heavy/-/heavy-4.0.4.tgz#36c91336c00ccfe852caa4d153086335cd2f00e9"
    dependencies:
      boom "5.x.x"
      hoek "4.x.x"
      joi "10.x.x"
  
  hoek@4.X.X, hoek@4.x.x:
    version "4.2.1"
    resolved "https://registry.yarnpkg.com/hoek/-/hoek-4.2.1.tgz#9634502aa12c445dd5a7c5734b572bb8738aacbb"
  
  home-or-tmp@^2.0.0:
    version "2.0.0"
    resolved "https://registry.yarnpkg.com/home-or-tmp/-/home-or-tmp-2.0.0.tgz#e36c3f2d2cae7d746a857e38d18d5f32a7882db8"
    dependencies:
      os-homedir "^1.0.0"
      os-tmpdir "^1.0.1"
  
  iconv-lite@^0.4.4:
    version "0.4.23"
    resolved "https://registry.yarnpkg.com/iconv-lite/-/iconv-lite-0.4.23.tgz#297871f63be507adcfbfca715d0cd0eed84e9a63"
    dependencies:
      safer-buffer ">= 2.1.2 < 3"
  
  ignore-walk@^3.0.1:
    version "3.0.1"
    resolved "https://registry.yarnpkg.com/ignore-walk/-/ignore-walk-3.0.1.tgz#a83e62e7d272ac0e3b551aaa82831a19b69f82f8"
    dependencies:
      minimatch "^3.0.4"
  
  ignore@^3.2.0:
    version "3.3.8"
    resolved "https://registry.yarnpkg.com/ignore/-/ignore-3.3.8.tgz#3f8e9c35d38708a3a7e0e9abb6c73e7ee7707b2b"
  
  inflight@^1.0.4:
    version "1.0.6"
    resolved "https://registry.yarnpkg.com/inflight/-/inflight-1.0.6.tgz#49bd6331d7d02d0c09bc910a1075ba8165b56df9"
    dependencies:
      once "^1.3.0"
      wrappy "1"
  
  inherits@2, inherits@^2.0.1, inherits@^2.0.3, inherits@~2.0.3:
    version "2.0.3"
    resolved "https://registry.yarnpkg.com/inherits/-/inherits-2.0.3.tgz#633c2c83e3da42a502f52466022480f4208261de"
  
  ini@~1.3.0:
    version "1.3.5"
    resolved "https://registry.yarnpkg.com/ini/-/ini-1.3.5.tgz#eee25f56db1c9ec6085e0c22778083f596abf927"
  
  invariant@^2.2.2:
    version "2.2.4"
    resolved "https://registry.yarnpkg.com/invariant/-/invariant-2.2.4.tgz#610f3c92c9359ce1db616e538008d23ff35158e6"
    dependencies:
      loose-envify "^1.0.0"
  
  iron@4.x.x:
    version "4.0.5"
    resolved "https://registry.yarnpkg.com/iron/-/iron-4.0.5.tgz#4f042cceb8b9738f346b59aa734c83a89bc31428"
    dependencies:
      boom "5.x.x"
      cryptiles "3.x.x"
      hoek "4.x.x"
  
  irregular-plurals@^1.0.0:
    version "1.4.0"
    resolved "https://registry.yarnpkg.com/irregular-plurals/-/irregular-plurals-1.4.0.tgz#2ca9b033651111855412f16be5d77c62a458a766"
  
  is-alphabetical@^1.0.0:
    version "1.0.2"
    resolved "https://registry.yarnpkg.com/is-alphabetical/-/is-alphabetical-1.0.2.tgz#1fa6e49213cb7885b75d15862fb3f3d96c884f41"
  
  is-alphanumeric@^1.0.0:
    version "1.0.0"
    resolved "https://registry.yarnpkg.com/is-alphanumeric/-/is-alphanumeric-1.0.0.tgz#4a9cef71daf4c001c1d81d63d140cf53fd6889f4"
  
  is-alphanumerical@^1.0.0:
    version "1.0.2"
    resolved "https://registry.yarnpkg.com/is-alphanumerical/-/is-alphanumerical-1.0.2.tgz#1138e9ae5040158dc6ff76b820acd6b7a181fd40"
    dependencies:
      is-alphabetical "^1.0.0"
      is-decimal "^1.0.0"
  
  is-arrayish@^0.2.1:
    version "0.2.1"
    resolved "https://registry.yarnpkg.com/is-arrayish/-/is-arrayish-0.2.1.tgz#77c99840527aa8ecb1a8ba697b80645a7a926a9d"
  
  is-binary-path@^1.0.0:
    version "1.0.1"
    resolved "https://registry.yarnpkg.com/is-binary-path/-/is-binary-path-1.0.1.tgz#75f16642b480f187a711c814161fd3a4a7655898"
    dependencies:
      binary-extensions "^1.0.0"
  
  is-buffer@^1.1.4, is-buffer@^1.1.5:
    version "1.1.6"
    resolved "https://registry.yarnpkg.com/is-buffer/-/is-buffer-1.1.6.tgz#efaa2ea9daa0d7ab2ea13a97b2b8ad51fefbe8be"
  
  is-decimal@^1.0.0:
    version "1.0.2"
    resolved "https://registry.yarnpkg.com/is-decimal/-/is-decimal-1.0.2.tgz#894662d6a8709d307f3a276ca4339c8fa5dff0ff"
  
  is-dotfile@^1.0.0:
    version "1.0.3"
    resolved "https://registry.yarnpkg.com/is-dotfile/-/is-dotfile-1.0.3.tgz#a6a2f32ffd2dfb04f5ca25ecd0f6b83cf798a1e1"
  
  is-empty@^1.0.0:
    version "1.2.0"
    resolved "https://registry.yarnpkg.com/is-empty/-/is-empty-1.2.0.tgz#de9bb5b278738a05a0b09a57e1fb4d4a341a9f6b"
  
  is-equal-shallow@^0.1.3:
    version "0.1.3"
    resolved "https://registry.yarnpkg.com/is-equal-shallow/-/is-equal-shallow-0.1.3.tgz#2238098fc221de0bcfa5d9eac4c45d638aa1c534"
    dependencies:
      is-primitive "^2.0.0"
  
  is-extendable@^0.1.1:
    version "0.1.1"
    resolved "https://registry.yarnpkg.com/is-extendable/-/is-extendable-0.1.1.tgz#62b110e289a471418e3ec36a617d472e301dfc89"
  
  is-extglob@^1.0.0:
    version "1.0.0"
    resolved "https://registry.yarnpkg.com/is-extglob/-/is-extglob-1.0.0.tgz#ac468177c4943405a092fc8f29760c6ffc6206c0"
  
  is-finite@^1.0.0:
    version "1.0.2"
    resolved "https://registry.yarnpkg.com/is-finite/-/is-finite-1.0.2.tgz#cc6677695602be550ef11e8b4aa6305342b6d0aa"
    dependencies:
      number-is-nan "^1.0.0"
  
  is-fullwidth-code-point@^1.0.0:
    version "1.0.0"
    resolved "https://registry.yarnpkg.com/is-fullwidth-code-point/-/is-fullwidth-code-point-1.0.0.tgz#ef9e31386f031a7f0d643af82fde50c457ef00cb"
    dependencies:
      number-is-nan "^1.0.0"
  
  is-fullwidth-code-point@^2.0.0:
    version "2.0.0"
    resolved "https://registry.yarnpkg.com/is-fullwidth-code-point/-/is-fullwidth-code-point-2.0.0.tgz#a3b30a5c4f199183167aaab93beefae3ddfb654f"
  
  is-glob@^2.0.0, is-glob@^2.0.1:
    version "2.0.1"
    resolved "https://registry.yarnpkg.com/is-glob/-/is-glob-2.0.1.tgz#d096f926a3ded5600f3fdfd91198cb0888c2d863"
    dependencies:
      is-extglob "^1.0.0"
  
  is-hexadecimal@^1.0.0:
    version "1.0.2"
    resolved "https://registry.yarnpkg.com/is-hexadecimal/-/is-hexadecimal-1.0.2.tgz#b6e710d7d07bb66b98cb8cece5c9b4921deeb835"
  
  is-hidden@^1.0.1:
    version "1.1.1"
    resolved "https://registry.yarnpkg.com/is-hidden/-/is-hidden-1.1.1.tgz#82ee6a93aeef3fb007ad5b9457c0584d45329f38"
  
  is-number@^2.1.0:
    version "2.1.0"
    resolved "https://registry.yarnpkg.com/is-number/-/is-number-2.1.0.tgz#01fcbbb393463a548f2f466cce16dece49db908f"
    dependencies:
      kind-of "^3.0.2"
  
  is-number@^4.0.0:
    version "4.0.0"
    resolved "https://registry.yarnpkg.com/is-number/-/is-number-4.0.0.tgz#0026e37f5454d73e356dfe6564699867c6a7f0ff"
  
  is-object@^1.0.1:
    version "1.0.1"
    resolved "https://registry.yarnpkg.com/is-object/-/is-object-1.0.1.tgz#8952688c5ec2ffd6b03ecc85e769e02903083470"
  
  is-plain-obj@^1.1.0:
    version "1.1.0"
    resolved "https://registry.yarnpkg.com/is-plain-obj/-/is-plain-obj-1.1.0.tgz#71a50c8429dfca773c92a390a4a03b39fcd51d3e"
  
  is-posix-bracket@^0.1.0:
    version "0.1.1"
    resolved "https://registry.yarnpkg.com/is-posix-bracket/-/is-posix-bracket-0.1.1.tgz#3334dc79774368e92f016e6fbc0a88f5cd6e6bc4"
  
  is-primitive@^2.0.0:
    version "2.0.0"
    resolved "https://registry.yarnpkg.com/is-primitive/-/is-primitive-2.0.0.tgz#207bab91638499c07b2adf240a41a87210034575"
  
  is-whitespace-character@^1.0.0:
    version "1.0.2"
    resolved "https://registry.yarnpkg.com/is-whitespace-character/-/is-whitespace-character-1.0.2.tgz#ede53b4c6f6fb3874533751ec9280d01928d03ed"
  
  is-word-character@^1.0.0:
    version "1.0.2"
    resolved "https://registry.yarnpkg.com/is-word-character/-/is-word-character-1.0.2.tgz#46a5dac3f2a1840898b91e576cd40d493f3ae553"
  
  isarray@1.0.0, isarray@~1.0.0:
    version "1.0.0"
    resolved "https://registry.yarnpkg.com/isarray/-/isarray-1.0.0.tgz#bb935d48582cba168c06834957a54a3e07124f11"
  
  isemail@2.x.x:
    version "2.2.1"
    resolved "https://registry.yarnpkg.com/isemail/-/isemail-2.2.1.tgz#0353d3d9a62951080c262c2aa0a42b8ea8e9e2a6"
  
  isobject@^2.0.0:
    version "2.1.0"
    resolved "https://registry.yarnpkg.com/isobject/-/isobject-2.1.0.tgz#f065561096a3f1da2ef46272f815c840d87e0c89"
    dependencies:
      isarray "1.0.0"
  
  items@2.x.x:
    version "2.1.1"
    resolved "https://registry.yarnpkg.com/items/-/items-2.1.1.tgz#8bd16d9c83b19529de5aea321acaada78364a198"
  
  joi@10.x.x:
    version "10.6.0"
    resolved "https://registry.yarnpkg.com/joi/-/joi-10.6.0.tgz#52587f02d52b8b75cdb0c74f0b164a191a0e1fc2"
    dependencies:
      hoek "4.x.x"
      isemail "2.x.x"
      items "2.x.x"
      topo "2.x.x"
  
  joi@9.X.X, joi@9.x.x:
    version "9.2.0"
    resolved "https://registry.yarnpkg.com/joi/-/joi-9.2.0.tgz#3385ac790192130cbe230e802ec02c9215bbfeda"
    dependencies:
      hoek "4.x.x"
      isemail "2.x.x"
      items "2.x.x"
      moment "2.x.x"
      topo "2.x.x"
  
  js-string-escape@^1.0.1:
    version "1.0.1"
    resolved "https://registry.yarnpkg.com/js-string-escape/-/js-string-escape-1.0.1.tgz#e2625badbc0d67c7533e9edc1068c587ae4137ef"
  
  js-tokens@^3.0.0, js-tokens@^3.0.2:
    version "3.0.2"
    resolved "https://registry.yarnpkg.com/js-tokens/-/js-tokens-3.0.2.tgz#9866df395102130e38f7f996bceb65443209c25b"
  
  js-yaml@^3.6.1, js-yaml@^3.7.0:
    version "3.11.0"
    resolved "https://registry.yarnpkg.com/js-yaml/-/js-yaml-3.11.0.tgz#597c1a8bd57152f26d622ce4117851a51f5ebaef"
    dependencies:
      argparse "^1.0.7"
      esprima "^4.0.0"
  
  jsesc@^1.3.0:
    version "1.3.0"
    resolved "https://registry.yarnpkg.com/jsesc/-/jsesc-1.3.0.tgz#46c3fec8c1892b12b0833db9bc7622176dbab34b"
  
  json-parse-better-errors@^1.0.1:
    version "1.0.2"
    resolved "https://registry.yarnpkg.com/json-parse-better-errors/-/json-parse-better-errors-1.0.2.tgz#bb867cfb3450e69107c131d1c514bab3dc8bcaa9"
  
  json5@^0.5.1:
    version "0.5.1"
    resolved "https://registry.yarnpkg.com/json5/-/json5-0.5.1.tgz#1eade7acc012034ad84e2396767ead9fa5495821"
  
  jsonpath-plus@^0.16.0:
    version "0.16.0"
    resolved "https://registry.yarnpkg.com/jsonpath-plus/-/jsonpath-plus-0.16.0.tgz#fe441b23f03ec6979a5603513988cd3edb7db5dc"
  
  jsonwebtoken@^8.2.1:
    version "8.2.2"
    resolved "https://registry.yarnpkg.com/jsonwebtoken/-/jsonwebtoken-8.2.2.tgz#76d7993fda79660d71bd0f933109e1f133734b20"
    dependencies:
      jws "^3.1.5"
      lodash.includes "^4.3.0"
      lodash.isboolean "^3.0.3"
      lodash.isinteger "^4.0.4"
      lodash.isnumber "^3.0.3"
      lodash.isplainobject "^4.0.6"
      lodash.isstring "^4.0.1"
      lodash.once "^4.0.0"
      ms "^2.1.1"
      xtend "^4.0.1"
  
  jwa@^1.1.5:
    version "1.1.6"
    resolved "https://registry.yarnpkg.com/jwa/-/jwa-1.1.6.tgz#87240e76c9808dbde18783cf2264ef4929ee50e6"
    dependencies:
      buffer-equal-constant-time "1.0.1"
      ecdsa-sig-formatter "1.0.10"
      safe-buffer "^5.0.1"
  
  jws@^3.1.5:
    version "3.1.5"
    resolved "https://registry.yarnpkg.com/jws/-/jws-3.1.5.tgz#80d12d05b293d1e841e7cb8b4e69e561adcf834f"
    dependencies:
      jwa "^1.1.5"
      safe-buffer "^5.0.1"
  
  kilt@2.x.x:
    version "2.0.2"
    resolved "https://registry.yarnpkg.com/kilt/-/kilt-2.0.2.tgz#04d7183c298a1232efddf7ddca5959a8f6301e20"
    dependencies:
      hoek "4.x.x"
  
  kind-of@^3.0.2:
    version "3.2.2"
    resolved "https://registry.yarnpkg.com/kind-of/-/kind-of-3.2.2.tgz#31ea21a734bab9bbb0f32466d893aea51e4a3c64"
    dependencies:
      is-buffer "^1.1.5"
  
  kind-of@^6.0.0:
    version "6.0.2"
    resolved "https://registry.yarnpkg.com/kind-of/-/kind-of-6.0.2.tgz#01146b36a6218e64e58f3a8d66de5d7fc6f6d051"
  
  load-plugin@^2.0.0:
    version "2.2.2"
    resolved "https://registry.yarnpkg.com/load-plugin/-/load-plugin-2.2.2.tgz#ebc7599491ff33e5077719fbe051d5725a9f7a89"
    dependencies:
      npm-prefix "^1.2.0"
      resolve-from "^4.0.0"
  
  lodash.includes@^4.3.0:
    version "4.3.0"
    resolved "https://registry.yarnpkg.com/lodash.includes/-/lodash.includes-4.3.0.tgz#60bb98a87cb923c68ca1e51325483314849f553f"
  
  lodash.isboolean@^3.0.3:
    version "3.0.3"
    resolved "https://registry.yarnpkg.com/lodash.isboolean/-/lodash.isboolean-3.0.3.tgz#6c2e171db2a257cd96802fd43b01b20d5f5870f6"
  
  lodash.isinteger@^4.0.4:
    version "4.0.4"
    resolved "https://registry.yarnpkg.com/lodash.isinteger/-/lodash.isinteger-4.0.4.tgz#619c0af3d03f8b04c31f5882840b77b11cd68343"
  
  lodash.isnumber@^3.0.3:
    version "3.0.3"
    resolved "https://registry.yarnpkg.com/lodash.isnumber/-/lodash.isnumber-3.0.3.tgz#3ce76810c5928d03352301ac287317f11c0b1ffc"
  
  lodash.isplainobject@^4.0.6:
    version "4.0.6"
    resolved "https://registry.yarnpkg.com/lodash.isplainobject/-/lodash.isplainobject-4.0.6.tgz#7c526a52d89b45c45cc690b88163be0497f550cb"
  
  lodash.isstring@^4.0.1:
    version "4.0.1"
    resolved "https://registry.yarnpkg.com/lodash.isstring/-/lodash.isstring-4.0.1.tgz#d527dfb5456eca7cc9bb95d5daeaf88ba54a5451"
  
  lodash.once@^4.0.0:
    version "4.1.1"
    resolved "https://registry.yarnpkg.com/lodash.once/-/lodash.once-4.1.1.tgz#0dd3971213c7c56df880977d504c88fb471a97ac"
  
  lodash@^4.17.4:
    version "4.17.10"
    resolved "https://registry.yarnpkg.com/lodash/-/lodash-4.17.10.tgz#1b7793cf7259ea38fb3661d4d38b3260af8ae4e7"
  
  longest-streak@^2.0.1:
    version "2.0.2"
    resolved "https://registry.yarnpkg.com/longest-streak/-/longest-streak-2.0.2.tgz#2421b6ba939a443bb9ffebf596585a50b4c38e2e"
  
  loose-envify@^1.0.0:
    version "1.3.1"
    resolved "https://registry.yarnpkg.com/loose-envify/-/loose-envify-1.3.1.tgz#d1a8ad33fa9ce0e713d65fdd0ac8b748d478c848"
    dependencies:
      js-tokens "^3.0.0"
  
  make-error@^1.1.1:
    version "1.3.4"
    resolved "https://registry.yarnpkg.com/make-error/-/make-error-1.3.4.tgz#19978ed575f9e9545d2ff8c13e33b5d18a67d535"
  
  markdown-escapes@^1.0.0:
    version "1.0.2"
    resolved "https://registry.yarnpkg.com/markdown-escapes/-/markdown-escapes-1.0.2.tgz#e639cbde7b99c841c0bacc8a07982873b46d2122"
  
  markdown-extensions@^1.1.0:
    version "1.1.1"
    resolved "https://registry.yarnpkg.com/markdown-extensions/-/markdown-extensions-1.1.1.tgz#fea03b539faeaee9b4ef02a3769b455b189f7fc3"
  
  markdown-table@^1.1.0:
    version "1.1.2"
    resolved "https://registry.yarnpkg.com/markdown-table/-/markdown-table-1.1.2.tgz#c78db948fa879903a41bce522e3b96f801c63786"
  
  math-random@^1.0.1:
    version "1.0.1"
    resolved "https://registry.yarnpkg.com/math-random/-/math-random-1.0.1.tgz#8b3aac588b8a66e4975e3cdea67f7bb329601fac"
  
  mdast-util-compact@^1.0.0:
    version "1.0.1"
    resolved "https://registry.yarnpkg.com/mdast-util-compact/-/mdast-util-compact-1.0.1.tgz#cdb5f84e2b6a2d3114df33bd05d9cb32e3c4083a"
    dependencies:
      unist-util-modify-children "^1.0.0"
      unist-util-visit "^1.1.0"
  
  mdast-util-heading-style@^1.0.2:
    version "1.0.3"
    resolved "https://registry.yarnpkg.com/mdast-util-heading-style/-/mdast-util-heading-style-1.0.3.tgz#efb390dbc8aa016c3cf577a034900db27ee7247c"
  
  mdast-util-to-string@^1.0.2:
    version "1.0.4"
    resolved "https://registry.yarnpkg.com/mdast-util-to-string/-/mdast-util-to-string-1.0.4.tgz#5c455c878c9355f0c1e7f3e8b719cf583691acfb"
  
  micromatch@^2.1.5:
    version "2.3.11"
    resolved "https://registry.yarnpkg.com/micromatch/-/micromatch-2.3.11.tgz#86677c97d1720b363431d04d0d15293bd38c1565"
    dependencies:
      arr-diff "^2.0.0"
      array-unique "^0.2.1"
      braces "^1.8.2"
      expand-brackets "^0.1.4"
      extglob "^0.3.1"
      filename-regex "^2.0.0"
      is-extglob "^1.0.0"
      is-glob "^2.0.1"
      kind-of "^3.0.2"
      normalize-path "^2.0.1"
      object.omit "^2.0.0"
      parse-glob "^3.0.4"
      regex-cache "^0.4.2"
  
  mime-db@1.x.x:
    version "1.33.0"
    resolved "https://registry.yarnpkg.com/mime-db/-/mime-db-1.33.0.tgz#a3492050a5cb9b63450541e39d9788d2272783db"
  
  mimos@3.x.x:
    version "3.0.3"
    resolved "https://registry.yarnpkg.com/mimos/-/mimos-3.0.3.tgz#b9109072ad378c2b72f6a0101c43ddfb2b36641f"
    dependencies:
      hoek "4.x.x"
      mime-db "1.x.x"
  
  minimatch@^3.0.2, minimatch@^3.0.4:
    version "3.0.4"
    resolved "https://registry.yarnpkg.com/minimatch/-/minimatch-3.0.4.tgz#5166e286457f03306064be5497e8dbb0c3d32083"
    dependencies:
      brace-expansion "^1.1.7"
  
  minimist@0.0.8:
    version "0.0.8"
    resolved "https://registry.yarnpkg.com/minimist/-/minimist-0.0.8.tgz#857fcabfc3397d2625b8228262e86aa7a011b05d"
  
  minimist@^1.2.0:
    version "1.2.0"
    resolved "https://registry.yarnpkg.com/minimist/-/minimist-1.2.0.tgz#a35008b20f41383eec1fb914f4cd5df79a264284"
  
  minipass@^2.2.1, minipass@^2.3.3:
    version "2.3.3"
    resolved "https://registry.yarnpkg.com/minipass/-/minipass-2.3.3.tgz#a7dcc8b7b833f5d368759cce544dccb55f50f233"
    dependencies:
      safe-buffer "^5.1.2"
      yallist "^3.0.0"
  
  minizlib@^1.1.0:
    version "1.1.0"
    resolved "https://registry.yarnpkg.com/minizlib/-/minizlib-1.1.0.tgz#11e13658ce46bc3a70a267aac58359d1e0c29ceb"
    dependencies:
      minipass "^2.2.1"
  
  mkdirp@^0.5.0, mkdirp@^0.5.1:
    version "0.5.1"
    resolved "https://registry.yarnpkg.com/mkdirp/-/mkdirp-0.5.1.tgz#30057438eac6cf7f8c4767f38648d6697d75c903"
    dependencies:
      minimist "0.0.8"
  
  moment@2.x.x:
    version "2.22.2"
    resolved "https://registry.yarnpkg.com/moment/-/moment-2.22.2.tgz#3c257f9839fc0e93ff53149632239eb90783ff66"
  
  ms@2.0.0:
    version "2.0.0"
    resolved "https://registry.yarnpkg.com/ms/-/ms-2.0.0.tgz#5608aeadfc00be6c2901df5f9861788de0d597c8"
  
  ms@^2.1.1:
    version "2.1.1"
    resolved "https://registry.yarnpkg.com/ms/-/ms-2.1.1.tgz#30a5864eb3ebb0a66f2ebe6d727af06a09d86e0a"
  
  nan@^2.9.2:
    version "2.10.0"
    resolved "https://registry.yarnpkg.com/nan/-/nan-2.10.0.tgz#96d0cd610ebd58d4b4de9cc0c6828cda99c7548f"
  
  needle@^2.2.0:
    version "2.2.1"
    resolved "https://registry.yarnpkg.com/needle/-/needle-2.2.1.tgz#b5e325bd3aae8c2678902fa296f729455d1d3a7d"
    dependencies:
      debug "^2.1.2"
      iconv-lite "^0.4.4"
      sax "^1.2.4"
  
  nigel@2.x.x:
    version "2.0.2"
    resolved "https://registry.yarnpkg.com/nigel/-/nigel-2.0.2.tgz#93a1866fb0c52d87390aa75e2b161f4b5c75e5b1"
    dependencies:
      hoek "4.x.x"
      vise "2.x.x"
  
  node-pre-gyp@^0.10.0:
    version "0.10.0"
    resolved "https://registry.yarnpkg.com/node-pre-gyp/-/node-pre-gyp-0.10.0.tgz#6e4ef5bb5c5203c6552448828c852c40111aac46"
    dependencies:
      detect-libc "^1.0.2"
      mkdirp "^0.5.1"
      needle "^2.2.0"
      nopt "^4.0.1"
      npm-packlist "^1.1.6"
      npmlog "^4.0.2"
      rc "^1.1.7"
      rimraf "^2.6.1"
      semver "^5.3.0"
      tar "^4"
  
  nopt@^4.0.1:
    version "4.0.1"
    resolved "https://registry.yarnpkg.com/nopt/-/nopt-4.0.1.tgz#d0d4685afd5415193c8c7505602d0d17cd64474d"
    dependencies:
      abbrev "1"
      osenv "^0.1.4"
  
  normalize-path@^2.0.0, normalize-path@^2.0.1:
    version "2.1.1"
    resolved "https://registry.yarnpkg.com/normalize-path/-/normalize-path-2.1.1.tgz#1ab28b556e198363a8c1a6f7e6fa20137fe6aed9"
    dependencies:
      remove-trailing-separator "^1.0.1"
  
  npm-bundled@^1.0.1:
    version "1.0.3"
    resolved "https://registry.yarnpkg.com/npm-bundled/-/npm-bundled-1.0.3.tgz#7e71703d973af3370a9591bafe3a63aca0be2308"
  
  npm-packlist@^1.1.6:
    version "1.1.10"
    resolved "https://registry.yarnpkg.com/npm-packlist/-/npm-packlist-1.1.10.tgz#1039db9e985727e464df066f4cf0ab6ef85c398a"
    dependencies:
      ignore-walk "^3.0.1"
      npm-bundled "^1.0.1"
  
  npm-prefix@^1.2.0:
    version "1.2.0"
    resolved "https://registry.yarnpkg.com/npm-prefix/-/npm-prefix-1.2.0.tgz#e619455f7074ba54cc66d6d0d37dd9f1be6bcbc0"
    dependencies:
      rc "^1.1.0"
      shellsubstitute "^1.1.0"
      untildify "^2.1.0"
  
  npmlog@^4.0.2:
    version "4.1.2"
    resolved "https://registry.yarnpkg.com/npmlog/-/npmlog-4.1.2.tgz#08a7f2a8bf734604779a9efa4ad5cc717abb954b"
    dependencies:
      are-we-there-yet "~1.1.2"
      console-control-strings "~1.1.0"
      gauge "~2.7.3"
      set-blocking "~2.0.0"
  
  number-is-nan@^1.0.0:
    version "1.0.1"
    resolved "https://registry.yarnpkg.com/number-is-nan/-/number-is-nan-1.0.1.tgz#097b602b53422a522c1afb8790318336941a011d"
  
  object-assign@^4.1.0:
    version "4.1.1"
    resolved "https://registry.yarnpkg.com/object-assign/-/object-assign-4.1.1.tgz#2109adc7965887cfc05cbbd442cac8bfbb360863"
  
  object.omit@^2.0.0:
    version "2.0.1"
    resolved "https://registry.yarnpkg.com/object.omit/-/object.omit-2.0.1.tgz#1a9c744829f39dbb858c76ca3579ae2a54ebd1fa"
    dependencies:
      for-own "^0.1.4"
      is-extendable "^0.1.1"
  
  once@^1.3.0:
    version "1.4.0"
    resolved "https://registry.yarnpkg.com/once/-/once-1.4.0.tgz#583b1aa775961d4b113ac17d9c50baef9dd76bd1"
    dependencies:
      wrappy "1"
  
  os-homedir@^1.0.0:
    version "1.0.2"
    resolved "https://registry.yarnpkg.com/os-homedir/-/os-homedir-1.0.2.tgz#ffbc4988336e0e833de0c168c7ef152121aa7fb3"
  
  os-tmpdir@^1.0.0, os-tmpdir@^1.0.1:
    version "1.0.2"
    resolved "https://registry.yarnpkg.com/os-tmpdir/-/os-tmpdir-1.0.2.tgz#bbe67406c79aa85c5cfec766fe5734555dfa1274"
  
  osenv@^0.1.4:
    version "0.1.5"
    resolved "https://registry.yarnpkg.com/osenv/-/osenv-0.1.5.tgz#85cdfafaeb28e8677f416e287592b5f3f49ea410"
    dependencies:
      os-homedir "^1.0.0"
      os-tmpdir "^1.0.0"
  
  parse-entities@^1.0.2, parse-entities@^1.1.0:
    version "1.1.2"
    resolved "https://registry.yarnpkg.com/parse-entities/-/parse-entities-1.1.2.tgz#9eaf719b29dc3bd62246b4332009072e01527777"
    dependencies:
      character-entities "^1.0.0"
      character-entities-legacy "^1.0.0"
      character-reference-invalid "^1.0.0"
      is-alphanumerical "^1.0.0"
      is-decimal "^1.0.0"
      is-hexadecimal "^1.0.0"
  
  parse-glob@^3.0.4:
    version "3.0.4"
    resolved "https://registry.yarnpkg.com/parse-glob/-/parse-glob-3.0.4.tgz#b2c376cfb11f35513badd173ef0bb6e3a388391c"
    dependencies:
      glob-base "^0.3.0"
      is-dotfile "^1.0.0"
      is-extglob "^1.0.0"
      is-glob "^2.0.0"
  
  parse-json@^4.0.0:
    version "4.0.0"
    resolved "https://registry.yarnpkg.com/parse-json/-/parse-json-4.0.0.tgz#be35f5425be1f7f6c747184f98a788cb99477ee0"
    dependencies:
      error-ex "^1.3.1"
      json-parse-better-errors "^1.0.1"
  
  path-is-absolute@^1.0.0, path-is-absolute@^1.0.1:
    version "1.0.1"
    resolved "https://registry.yarnpkg.com/path-is-absolute/-/path-is-absolute-1.0.1.tgz#174b9268735534ffbc7ace6bf53a5a9e1b5c5f5f"
  
  path-parse@^1.0.5:
    version "1.0.5"
    resolved "https://registry.yarnpkg.com/path-parse/-/path-parse-1.0.5.tgz#3c1adf871ea9cd6c9431b6ea2bd74a0ff055c4c1"
  
  peekaboo@2.x.x:
    version "2.0.2"
    resolved "https://registry.yarnpkg.com/peekaboo/-/peekaboo-2.0.2.tgz#fc42e139efd698c6ff2870a6b20c047cd9aa29ff"
  
  pez@2.x.x:
    version "2.1.5"
    resolved "https://registry.yarnpkg.com/pez/-/pez-2.1.5.tgz#5ec2cc62500cc3eb4236d4a414cf5a17b5eb5007"
    dependencies:
      b64 "3.x.x"
      boom "5.x.x"
      content "3.x.x"
      hoek "4.x.x"
      nigel "2.x.x"
  
  plur@^2.1.2:
    version "2.1.2"
    resolved "https://registry.yarnpkg.com/plur/-/plur-2.1.2.tgz#7482452c1a0f508e3e344eaec312c91c29dc655a"
    dependencies:
      irregular-plurals "^1.0.0"
  
  preserve@^0.2.0:
    version "0.2.0"
    resolved "https://registry.yarnpkg.com/preserve/-/preserve-0.2.0.tgz#815ed1f6ebc65926f865b310c0713bcb3315ce4b"
  
  private@^0.1.8:
    version "0.1.8"
    resolved "https://registry.yarnpkg.com/private/-/private-0.1.8.tgz#2381edb3689f7a53d653190060fcf822d2f368ff"
  
  process-nextick-args@~2.0.0:
    version "2.0.0"
    resolved "https://registry.yarnpkg.com/process-nextick-args/-/process-nextick-args-2.0.0.tgz#a37d732f4271b4ab1ad070d35508e8290788ffaa"
  
  randomatic@^3.0.0:
    version "3.0.0"
    resolved "https://registry.yarnpkg.com/randomatic/-/randomatic-3.0.0.tgz#d35490030eb4f7578de292ce6dfb04a91a128923"
    dependencies:
      is-number "^4.0.0"
      kind-of "^6.0.0"
      math-random "^1.0.1"
  
  rc@^1.1.0, rc@^1.1.7:
    version "1.2.8"
    resolved "https://registry.yarnpkg.com/rc/-/rc-1.2.8.tgz#cd924bf5200a075b83c188cd6b9e211b7fc0d3ed"
    dependencies:
      deep-extend "^0.6.0"
      ini "~1.3.0"
      minimist "^1.2.0"
      strip-json-comments "~2.0.1"
  
  readable-stream@^2.0.2, readable-stream@^2.0.6, readable-stream@^2.2.2:
    version "2.3.6"
    resolved "https://registry.yarnpkg.com/readable-stream/-/readable-stream-2.3.6.tgz#b11c27d88b8ff1fbe070643cf94b0c79ae1b0aaf"
    dependencies:
      core-util-is "~1.0.0"
      inherits "~2.0.3"
      isarray "~1.0.0"
      process-nextick-args "~2.0.0"
      safe-buffer "~5.1.1"
      string_decoder "~1.1.1"
      util-deprecate "~1.0.1"
  
  readdirp@^2.0.0:
    version "2.1.0"
    resolved "https://registry.yarnpkg.com/readdirp/-/readdirp-2.1.0.tgz#4ed0ad060df3073300c48440373f72d1cc642d78"
    dependencies:
      graceful-fs "^4.1.2"
      minimatch "^3.0.2"
      readable-stream "^2.0.2"
      set-immediate-shim "^1.0.1"
  
  regenerator-runtime@^0.11.0:
    version "0.11.1"
    resolved "https://registry.yarnpkg.com/regenerator-runtime/-/regenerator-runtime-0.11.1.tgz#be05ad7f9bf7d22e056f9726cee5017fbf19e2e9"
  
  regex-cache@^0.4.2:
    version "0.4.4"
    resolved "https://registry.yarnpkg.com/regex-cache/-/regex-cache-0.4.4.tgz#75bdc58a2a1496cec48a12835bc54c8d562336dd"
    dependencies:
      is-equal-shallow "^0.1.3"
  
  remark-cli@^5.0.0:
    version "5.0.0"
    resolved "https://registry.yarnpkg.com/remark-cli/-/remark-cli-5.0.0.tgz#9feefd06474f3d0ff132df21b5334c546df12ab6"
    dependencies:
      markdown-extensions "^1.1.0"
      remark "^9.0.0"
      unified-args "^5.0.0"
  
  remark-lint-blockquote-indentation@^1.0.1:
    version "1.0.1"
    resolved "https://registry.yarnpkg.com/remark-lint-blockquote-indentation/-/remark-lint-blockquote-indentation-1.0.1.tgz#0b000dc4a2ca0c8576b07bb7101c5ab1b632dd99"
    dependencies:
      mdast-util-to-string "^1.0.2"
      plur "^2.1.2"
      unified-lint-rule "^1.0.0"
      unist-util-generated "^1.1.0"
      unist-util-position "^3.0.0"
      unist-util-visit "^1.1.1"
  
  remark-lint-emphasis-marker@^1.0.1:
    version "1.0.1"
    resolved "https://registry.yarnpkg.com/remark-lint-emphasis-marker/-/remark-lint-emphasis-marker-1.0.1.tgz#50e769c118e22675baf7f6838fdda7b7e986b3cb"
    dependencies:
      unified-lint-rule "^1.0.0"
      unist-util-generated "^1.1.0"
      unist-util-position "^3.0.0"
      unist-util-visit "^1.1.1"
  
  remark-lint-file-extension@^1.0.1:
    version "1.0.1"
    resolved "https://registry.yarnpkg.com/remark-lint-file-extension/-/remark-lint-file-extension-1.0.1.tgz#80c0d2688d0fcee6eeb46f4727a415129d35eb42"
    dependencies:
      unified-lint-rule "^1.0.0"
  
  remark-lint-final-newline@^1.0.1:
    version "1.0.1"
    resolved "https://registry.yarnpkg.com/remark-lint-final-newline/-/remark-lint-final-newline-1.0.1.tgz#1d751a29fb752f1c09e90b52850a05d1cf6c77f1"
    dependencies:
      unified-lint-rule "^1.0.0"
  
  remark-lint-first-heading-level@^1.1.1:
    version "1.1.1"
    resolved "https://registry.yarnpkg.com/remark-lint-first-heading-level/-/remark-lint-first-heading-level-1.1.1.tgz#4d48ea9a762a3333be20b83765557b6a6ca605fd"
    dependencies:
      unified-lint-rule "^1.0.0"
      unist-util-generated "^1.1.0"
      unist-util-visit "^1.1.1"
  
  remark-lint-heading-increment@^1.0.1:
    version "1.0.1"
    resolved "https://registry.yarnpkg.com/remark-lint-heading-increment/-/remark-lint-heading-increment-1.0.1.tgz#5acc4c4f757845479ff6aed9fceb8da96ccbb36b"
    dependencies:
      unified-lint-rule "^1.0.0"
      unist-util-generated "^1.1.0"
      unist-util-visit "^1.1.1"
  
  remark-lint-heading-style@^1.0.1:
    version "1.0.1"
    resolved "https://registry.yarnpkg.com/remark-lint-heading-style/-/remark-lint-heading-style-1.0.1.tgz#ae3c6c986899a68e86fbc6ccf09ab2ef925801b8"
    dependencies:
      mdast-util-heading-style "^1.0.2"
      unified-lint-rule "^1.0.0"
      unist-util-generated "^1.1.0"
      unist-util-visit "^1.1.1"
  
  remark-lint-linebreak-style@^1.0.1:
    version "1.0.1"
    resolved "https://registry.yarnpkg.com/remark-lint-linebreak-style/-/remark-lint-linebreak-style-1.0.1.tgz#9c889990e734b3ede6811611f5753278b2c640f2"
    dependencies:
      unified-lint-rule "^1.0.0"
      vfile-location "^2.0.1"
  
  remark-lint-list-item-bullet-indent@^1.0.1:
    version "1.0.1"
    resolved "https://registry.yarnpkg.com/remark-lint-list-item-bullet-indent/-/remark-lint-list-item-bullet-indent-1.0.1.tgz#0aed07642fb408b820196855fa7aeb0b7594006f"
    dependencies:
      plur "^2.1.2"
      unified-lint-rule "^1.0.0"
      unist-util-generated "^1.1.0"
      unist-util-position "^3.0.0"
      unist-util-visit "^1.1.1"
  
  remark-lint-list-item-content-indent@^1.0.1:
    version "1.0.1"
    resolved "https://registry.yarnpkg.com/remark-lint-list-item-content-indent/-/remark-lint-list-item-content-indent-1.0.1.tgz#0b980122b60ed9dd9e73c7923e2d97277102b2c4"
    dependencies:
      plur "^2.1.2"
      unified-lint-rule "^1.0.0"
      unist-util-generated "^1.1.0"
      unist-util-position "^3.0.0"
      unist-util-visit "^1.1.1"
  
  remark-lint-list-item-indent@^1.0.1:
    version "1.0.1"
    resolved "https://registry.yarnpkg.com/remark-lint-list-item-indent/-/remark-lint-list-item-indent-1.0.1.tgz#ee206b6fb432eb09ec1e32fede156affb1f68db3"
    dependencies:
      plur "^2.1.2"
      unified-lint-rule "^1.0.0"
      unist-util-generated "^1.1.0"
      unist-util-position "^3.0.0"
      unist-util-visit "^1.1.1"
  
  remark-lint-no-auto-link-without-protocol@^1.0.1:
    version "1.0.1"
    resolved "https://registry.yarnpkg.com/remark-lint-no-auto-link-without-protocol/-/remark-lint-no-auto-link-without-protocol-1.0.1.tgz#9221985b9a1cc7c671d2769488acc9b836792a6f"
    dependencies:
      mdast-util-to-string "^1.0.2"
      unified-lint-rule "^1.0.0"
      unist-util-generated "^1.1.0"
      unist-util-position "^3.0.0"
      unist-util-visit "^1.1.1"
  
  remark-lint-no-blockquote-without-marker@^2.0.1:
    version "2.0.1"
    resolved "https://registry.yarnpkg.com/remark-lint-no-blockquote-without-marker/-/remark-lint-no-blockquote-without-marker-2.0.1.tgz#5b8495f5a8d4174cf91fc7248f94475553ab4d87"
    dependencies:
      unified-lint-rule "^1.0.0"
      unist-util-generated "^1.1.0"
      unist-util-position "^3.0.0"
      unist-util-visit "^1.1.1"
      vfile-location "^2.0.1"
  
  remark-lint-no-consecutive-blank-lines@^1.0.1:
    version "1.0.1"
    resolved "https://registry.yarnpkg.com/remark-lint-no-consecutive-blank-lines/-/remark-lint-no-consecutive-blank-lines-1.0.1.tgz#a545481d67731983c8986617d8d2b0ad92c97db3"
    dependencies:
      plur "^2.1.2"
      unified-lint-rule "^1.0.0"
      unist-util-generated "^1.1.0"
      unist-util-position "^3.0.0"
      unist-util-visit "^1.1.1"
  
  remark-lint-no-emphasis-as-heading@^1.0.1:
    version "1.0.1"
    resolved "https://registry.yarnpkg.com/remark-lint-no-emphasis-as-heading/-/remark-lint-no-emphasis-as-heading-1.0.1.tgz#749bf7c2dda9e055d18c6fba59c45b3eaa8d35db"
    dependencies:
      unified-lint-rule "^1.0.0"
      unist-util-generated "^1.1.0"
      unist-util-visit "^1.1.1"
  
  remark-lint-no-file-name-outer-dashes@^1.0.2:
    version "1.0.2"
    resolved "https://registry.yarnpkg.com/remark-lint-no-file-name-outer-dashes/-/remark-lint-no-file-name-outer-dashes-1.0.2.tgz#03c5a6ec4cfbb08fca2e3044d2efd9a72b1a6fa9"
    dependencies:
      unified-lint-rule "^1.0.0"
  
  remark-lint-no-heading-content-indent@^1.0.1:
    version "1.0.1"
    resolved "https://registry.yarnpkg.com/remark-lint-no-heading-content-indent/-/remark-lint-no-heading-content-indent-1.0.1.tgz#a4269512dce9d2e100b933c3c833c94de2436cbf"
    dependencies:
      mdast-util-heading-style "^1.0.2"
      plur "^2.1.2"
      unified-lint-rule "^1.0.0"
      unist-util-generated "^1.1.0"
      unist-util-position "^3.0.0"
      unist-util-visit "^1.1.1"
  
  remark-lint-no-heading-indent@^1.0.1:
    version "1.0.1"
    resolved "https://registry.yarnpkg.com/remark-lint-no-heading-indent/-/remark-lint-no-heading-indent-1.0.1.tgz#c528900db15f76ef1fcd7263a0d029d5635dd79e"
    dependencies:
      plur "^2.1.2"
      unified-lint-rule "^1.0.0"
      unist-util-generated "^1.1.0"
      unist-util-position "^3.0.0"
      unist-util-visit "^1.1.1"
  
  remark-lint-no-heading-like-paragraph@^1.0.1:
    version "1.0.1"
    resolved "https://registry.yarnpkg.com/remark-lint-no-heading-like-paragraph/-/remark-lint-no-heading-like-paragraph-1.0.1.tgz#a91b3a8fd6cc3f0f62f1f1eff658f621ce68e14d"
    dependencies:
      unified-lint-rule "^1.0.0"
      unist-util-generated "^1.1.0"
      unist-util-visit "^1.1.1"
  
  remark-lint-no-heading-punctuation@^1.0.1:
    version "1.0.1"
    resolved "https://registry.yarnpkg.com/remark-lint-no-heading-punctuation/-/remark-lint-no-heading-punctuation-1.0.1.tgz#1ab233e0ae951889d17b561396a89a83f514b128"
    dependencies:
      mdast-util-to-string "^1.0.2"
      unified-lint-rule "^1.0.0"
      unist-util-generated "^1.1.0"
      unist-util-visit "^1.1.1"
  
  remark-lint-no-inline-padding@^1.0.1:
    version "1.0.1"
    resolved "https://registry.yarnpkg.com/remark-lint-no-inline-padding/-/remark-lint-no-inline-padding-1.0.1.tgz#13ef869daa8448fd4c381bda4ace05f2f9921141"
    dependencies:
      mdast-util-to-string "^1.0.2"
      unified-lint-rule "^1.0.0"
      unist-util-generated "^1.1.0"
      unist-util-visit "^1.1.1"
  
  remark-lint-no-table-indentation@^1.0.1:
    version "1.0.1"
    resolved "https://registry.yarnpkg.com/remark-lint-no-table-indentation/-/remark-lint-no-table-indentation-1.0.1.tgz#9ecf7fc621ea2b353de4ea97e4f7ad0f912c5b8d"
    dependencies:
      unified-lint-rule "^1.0.0"
      unist-util-generated "^1.1.0"
      unist-util-position "^3.0.0"
      unist-util-visit "^1.1.1"
  
  remark-lint-ordered-list-marker-style@^1.0.1:
    version "1.0.1"
    resolved "https://registry.yarnpkg.com/remark-lint-ordered-list-marker-style/-/remark-lint-ordered-list-marker-style-1.0.1.tgz#364ad33ebd31b141392aec41fc5eee77640155d7"
    dependencies:
      unified-lint-rule "^1.0.0"
      unist-util-generated "^1.1.0"
      unist-util-position "^3.0.0"
      unist-util-visit "^1.1.1"
  
  remark-lint-ordered-list-marker-value@^1.0.1:
    version "1.0.1"
    resolved "https://registry.yarnpkg.com/remark-lint-ordered-list-marker-value/-/remark-lint-ordered-list-marker-value-1.0.1.tgz#81f92b5dc25dad34e900f6e13a9fd52a4d41f5bf"
    dependencies:
      unified-lint-rule "^1.0.0"
      unist-util-generated "^1.1.0"
      unist-util-position "^3.0.0"
      unist-util-visit "^1.1.1"
  
  remark-lint-strong-marker@^1.0.1:
    version "1.0.1"
    resolved "https://registry.yarnpkg.com/remark-lint-strong-marker/-/remark-lint-strong-marker-1.0.1.tgz#43a69404f5248b2d97cfd3915098c511bec7c1f1"
    dependencies:
      unified-lint-rule "^1.0.0"
      unist-util-generated "^1.1.0"
      unist-util-position "^3.0.0"
      unist-util-visit "^1.1.1"
  
  remark-lint-table-cell-padding@^1.0.1:
    version "1.0.1"
    resolved "https://registry.yarnpkg.com/remark-lint-table-cell-padding/-/remark-lint-table-cell-padding-1.0.1.tgz#e38acf2fdfaccbe9b0618ec844669cd2c3da02e3"
    dependencies:
      unified-lint-rule "^1.0.0"
      unist-util-generated "^1.1.0"
      unist-util-position "^3.0.0"
      unist-util-visit "^1.1.1"
  
  remark-lint-table-pipe-alignment@^1.0.1:
    version "1.0.1"
    resolved "https://registry.yarnpkg.com/remark-lint-table-pipe-alignment/-/remark-lint-table-pipe-alignment-1.0.1.tgz#c35ab9429b02ea360775d130fc9f09621a6d4e26"
    dependencies:
      unified-lint-rule "^1.0.0"
      unist-util-generated "^1.1.0"
      unist-util-position "^3.0.0"
      unist-util-visit "^1.1.1"
  
  remark-lint-unordered-list-marker-style@^1.0.1:
    version "1.0.1"
    resolved "https://registry.yarnpkg.com/remark-lint-unordered-list-marker-style/-/remark-lint-unordered-list-marker-style-1.0.1.tgz#2963a7585b292377a8c58340cc0e916eb094432c"
    dependencies:
      unified-lint-rule "^1.0.0"
      unist-util-generated "^1.1.0"
      unist-util-position "^3.0.0"
      unist-util-visit "^1.1.1"
  
  remark-parse@^5.0.0:
    version "5.0.0"
    resolved "https://registry.yarnpkg.com/remark-parse/-/remark-parse-5.0.0.tgz#4c077f9e499044d1d5c13f80d7a98cf7b9285d95"
    dependencies:
      collapse-white-space "^1.0.2"
      is-alphabetical "^1.0.0"
      is-decimal "^1.0.0"
      is-whitespace-character "^1.0.0"
      is-word-character "^1.0.0"
      markdown-escapes "^1.0.0"
      parse-entities "^1.1.0"
      repeat-string "^1.5.4"
      state-toggle "^1.0.0"
      trim "0.0.1"
      trim-trailing-lines "^1.0.0"
      unherit "^1.0.4"
      unist-util-remove-position "^1.0.0"
      vfile-location "^2.0.0"
      xtend "^4.0.1"
  
  remark-stringify@^5.0.0:
    version "5.0.0"
    resolved "https://registry.yarnpkg.com/remark-stringify/-/remark-stringify-5.0.0.tgz#336d3a4d4a6a3390d933eeba62e8de4bd280afba"
    dependencies:
      ccount "^1.0.0"
      is-alphanumeric "^1.0.0"
      is-decimal "^1.0.0"
      is-whitespace-character "^1.0.0"
      longest-streak "^2.0.1"
      markdown-escapes "^1.0.0"
      markdown-table "^1.1.0"
      mdast-util-compact "^1.0.0"
      parse-entities "^1.0.2"
      repeat-string "^1.5.4"
      state-toggle "^1.0.0"
      stringify-entities "^1.0.1"
      unherit "^1.0.4"
      xtend "^4.0.1"
  
  remark@^9.0.0:
    version "9.0.0"
    resolved "https://registry.yarnpkg.com/remark/-/remark-9.0.0.tgz#c5cfa8ec535c73a67c4b0f12bfdbd3a67d8b2f60"
    dependencies:
      remark-parse "^5.0.0"
      remark-stringify "^5.0.0"
      unified "^6.0.0"
  
  remove-trailing-separator@^1.0.1:
    version "1.1.0"
    resolved "https://registry.yarnpkg.com/remove-trailing-separator/-/remove-trailing-separator-1.1.0.tgz#c24bce2a283adad5bc3f58e0d48249b92379d8ef"
  
  repeat-element@^1.1.2:
    version "1.1.2"
    resolved "https://registry.yarnpkg.com/repeat-element/-/repeat-element-1.1.2.tgz#ef089a178d1483baae4d93eb98b4f9e4e11d990a"
  
  repeat-string@^1.5.0, repeat-string@^1.5.2, repeat-string@^1.5.4:
    version "1.6.1"
    resolved "https://registry.yarnpkg.com/repeat-string/-/repeat-string-1.6.1.tgz#8dcae470e1c88abc2d600fff4a776286da75e637"
  
  repeating@^2.0.0:
    version "2.0.1"
    resolved "https://registry.yarnpkg.com/repeating/-/repeating-2.0.1.tgz#5214c53a926d3552707527fbab415dbc08d06dda"
    dependencies:
      is-finite "^1.0.0"
  
  replace-ext@1.0.0:
    version "1.0.0"
    resolved "https://registry.yarnpkg.com/replace-ext/-/replace-ext-1.0.0.tgz#de63128373fcbf7c3ccfa4de5a480c45a67958eb"
  
  resolve-from@^4.0.0:
    version "4.0.0"
    resolved "https://registry.yarnpkg.com/resolve-from/-/resolve-from-4.0.0.tgz#4abcd852ad32dd7baabfe9b40e00a36db5f392e6"
  
  resolve@^1.3.2:
    version "1.7.1"
    resolved "https://registry.yarnpkg.com/resolve/-/resolve-1.7.1.tgz#aadd656374fd298aee895bc026b8297418677fd3"
    dependencies:
      path-parse "^1.0.5"
  
  rimraf@^2.6.1, rimraf@^2.6.2:
    version "2.6.2"
    resolved "https://registry.yarnpkg.com/rimraf/-/rimraf-2.6.2.tgz#2ed8150d24a16ea8651e6d6ef0f47c4158ce7a36"
    dependencies:
      glob "^7.0.5"
  
  safe-buffer@^5.0.1, safe-buffer@^5.1.2, safe-buffer@~5.1.0, safe-buffer@~5.1.1:
    version "5.1.2"
    resolved "https://registry.yarnpkg.com/safe-buffer/-/safe-buffer-5.1.2.tgz#991ec69d296e0313747d59bdfd2b745c35f8828d"
  
  "safer-buffer@>= 2.1.2 < 3":
    version "2.1.2"
    resolved "https://registry.yarnpkg.com/safer-buffer/-/safer-buffer-2.1.2.tgz#44fa161b0187b9549dd84bb91802f9bd8385cd6a"
  
  sax@^1.2.4:
    version "1.2.4"
    resolved "https://registry.yarnpkg.com/sax/-/sax-1.2.4.tgz#2816234e2378bddc4e5354fab5caa895df7100d9"
  
  semver@^5.3.0:
    version "5.5.0"
    resolved "https://registry.yarnpkg.com/semver/-/semver-5.5.0.tgz#dc4bbc7a6ca9d916dee5d43516f0092b58f7b8ab"
  
  serverless-offline@^3.24.3:
    version "3.25.1"
    resolved "https://registry.yarnpkg.com/serverless-offline/-/serverless-offline-3.25.1.tgz#9f3f27402bc4e8d7c1abfa2ffa93b7fb1f49ebbf"
    dependencies:
      babel-register "^6.18.0"
      boom "^4.2.0"
      h2o2 "^5.4.0"
      hapi "14.2.0"
      hapi-cors-headers "^1.0.0"
      js-string-escape "^1.0.1"
      jsonpath-plus "^0.16.0"
      jsonwebtoken "^8.2.1"
      lodash "^4.17.4"
      uuid "^3.2.1"
      velocityjs "^0.9.3"
  
  set-blocking@~2.0.0:
    version "2.0.0"
    resolved "https://registry.yarnpkg.com/set-blocking/-/set-blocking-2.0.0.tgz#045f9782d011ae9a6803ddd382b24392b3d890f7"
  
  set-immediate-shim@^1.0.1:
    version "1.0.1"
    resolved "https://registry.yarnpkg.com/set-immediate-shim/-/set-immediate-shim-1.0.1.tgz#4b2b1b27eb808a9f8dcc481a58e5e56f599f3f61"
  
  shellsubstitute@^1.1.0:
    version "1.2.0"
    resolved "https://registry.yarnpkg.com/shellsubstitute/-/shellsubstitute-1.2.0.tgz#e4f702a50c518b0f6fe98451890d705af29b6b70"
  
  shot@3.x.x:
    version "3.4.2"
    resolved "https://registry.yarnpkg.com/shot/-/shot-3.4.2.tgz#1e5c3f6f2b26649adc42f7eb350214a5a0291d67"
    dependencies:
      hoek "4.x.x"
      joi "10.x.x"
  
  signal-exit@^3.0.0:
    version "3.0.2"
    resolved "https://registry.yarnpkg.com/signal-exit/-/signal-exit-3.0.2.tgz#b5fdc08f1287ea1178628e415e25132b73646c6d"
  
  slash@^1.0.0:
    version "1.0.0"
    resolved "https://registry.yarnpkg.com/slash/-/slash-1.0.0.tgz#c41f2f6c39fc16d1cd17ad4b5d896114ae470d55"
  
  sliced@^1.0.1:
    version "1.0.1"
    resolved "https://registry.yarnpkg.com/sliced/-/sliced-1.0.1.tgz#0b3a662b5d04c3177b1926bea82b03f837a2ef41"
  
  source-map-support@^0.4.15:
    version "0.4.18"
    resolved "https://registry.yarnpkg.com/source-map-support/-/source-map-support-0.4.18.tgz#0286a6de8be42641338594e97ccea75f0a2c585f"
    dependencies:
      source-map "^0.5.6"
  
  source-map-support@^0.5.3:
    version "0.5.6"
    resolved "https://registry.yarnpkg.com/source-map-support/-/source-map-support-0.5.6.tgz#4435cee46b1aab62b8e8610ce60f788091c51c13"
    dependencies:
      buffer-from "^1.0.0"
      source-map "^0.6.0"
  
  source-map@^0.5.6, source-map@^0.5.7:
    version "0.5.7"
    resolved "https://registry.yarnpkg.com/source-map/-/source-map-0.5.7.tgz#8a039d2d1021d22d1ea14c80d8ea468ba2ef3fcc"
  
  source-map@^0.6.0:
    version "0.6.1"
    resolved "https://registry.yarnpkg.com/source-map/-/source-map-0.6.1.tgz#74722af32e9614e9c287a8d0bbde48b5e2f1a263"
  
  sprintf-js@~1.0.2:
    version "1.0.3"
    resolved "https://registry.yarnpkg.com/sprintf-js/-/sprintf-js-1.0.3.tgz#04e6926f662895354f3dd015203633b857297e2c"
  
  state-toggle@^1.0.0:
    version "1.0.1"
    resolved "https://registry.yarnpkg.com/state-toggle/-/state-toggle-1.0.1.tgz#c3cb0974f40a6a0f8e905b96789eb41afa1cde3a"
  
  statehood@4.x.x:
    version "4.1.0"
    resolved "https://registry.yarnpkg.com/statehood/-/statehood-4.1.0.tgz#8a2877d13d9850aab6ce877a54b778df0f43acdb"
    dependencies:
      boom "3.x.x"
      cryptiles "3.x.x"
      hoek "4.x.x"
      iron "4.x.x"
      items "2.x.x"
      joi "9.x.x"
  
  string-width@^1.0.0, string-width@^1.0.1:
    version "1.0.2"
    resolved "https://registry.yarnpkg.com/string-width/-/string-width-1.0.2.tgz#118bdf5b8cdc51a2a7e70d211e07e2b0b9b107d3"
    dependencies:
      code-point-at "^1.0.0"
      is-fullwidth-code-point "^1.0.0"
      strip-ansi "^3.0.0"
  
  "string-width@^1.0.2 || 2":
    version "2.1.1"
    resolved "https://registry.yarnpkg.com/string-width/-/string-width-2.1.1.tgz#ab93f27a8dc13d28cac815c462143a6d9012ae9e"
    dependencies:
      is-fullwidth-code-point "^2.0.0"
      strip-ansi "^4.0.0"
  
  string_decoder@~1.1.1:
    version "1.1.1"
    resolved "https://registry.yarnpkg.com/string_decoder/-/string_decoder-1.1.1.tgz#9cf1611ba62685d7030ae9e4ba34149c3af03fc8"
    dependencies:
      safe-buffer "~5.1.0"
  
  stringify-entities@^1.0.1:
    version "1.3.2"
    resolved "https://registry.yarnpkg.com/stringify-entities/-/stringify-entities-1.3.2.tgz#a98417e5471fd227b3e45d3db1861c11caf668f7"
    dependencies:
      character-entities-html4 "^1.0.0"
      character-entities-legacy "^1.0.0"
      is-alphanumerical "^1.0.0"
      is-hexadecimal "^1.0.0"
  
  strip-ansi@^3.0.0, strip-ansi@^3.0.1:
    version "3.0.1"
    resolved "https://registry.yarnpkg.com/strip-ansi/-/strip-ansi-3.0.1.tgz#6a385fb8853d952d5ff05d0e8aaf94278dc63dcf"
    dependencies:
      ansi-regex "^2.0.0"
  
  strip-ansi@^4.0.0:
    version "4.0.0"
    resolved "https://registry.yarnpkg.com/strip-ansi/-/strip-ansi-4.0.0.tgz#a8479022eb1ac368a871389b635262c505ee368f"
    dependencies:
      ansi-regex "^3.0.0"
  
  strip-json-comments@~2.0.1:
    version "2.0.1"
    resolved "https://registry.yarnpkg.com/strip-json-comments/-/strip-json-comments-2.0.1.tgz#3c531942e908c2697c0ec344858c286c7ca0a60a"
  
  subtext@4.x.x:
    version "4.4.1"
    resolved "https://registry.yarnpkg.com/subtext/-/subtext-4.4.1.tgz#2fcec945de429283c3d18b151ff0fa1f1b87aec9"
    dependencies:
      boom "5.x.x"
      content "3.x.x"
      hoek "4.x.x"
      pez "2.x.x"
      wreck "12.x.x"
  
  supports-color@^2.0.0:
    version "2.0.0"
    resolved "https://registry.yarnpkg.com/supports-color/-/supports-color-2.0.0.tgz#535d045ce6b6363fa40117084629995e9df324c7"
  
  supports-color@^4.1.0:
    version "4.5.0"
    resolved "https://registry.yarnpkg.com/supports-color/-/supports-color-4.5.0.tgz#be7a0de484dec5c5cddf8b3d59125044912f635b"
    dependencies:
      has-flag "^2.0.0"
  
  supports-color@^5.3.0:
    version "5.4.0"
    resolved "https://registry.yarnpkg.com/supports-color/-/supports-color-5.4.0.tgz#1c6b337402c2137605efe19f10fec390f6faab54"
    dependencies:
      has-flag "^3.0.0"
  
  tar@^4:
    version "4.4.4"
    resolved "https://registry.yarnpkg.com/tar/-/tar-4.4.4.tgz#ec8409fae9f665a4355cc3b4087d0820232bb8cd"
    dependencies:
      chownr "^1.0.1"
      fs-minipass "^1.2.5"
      minipass "^2.3.3"
      minizlib "^1.1.0"
      mkdirp "^0.5.0"
      safe-buffer "^5.1.2"
      yallist "^3.0.2"
  
  text-table@^0.2.0:
    version "0.2.0"
    resolved "https://registry.yarnpkg.com/text-table/-/text-table-0.2.0.tgz#7f5ee823ae805207c00af2df4a84ec3fcfa570b4"
  
  to-fast-properties@^1.0.3:
    version "1.0.3"
    resolved "https://registry.yarnpkg.com/to-fast-properties/-/to-fast-properties-1.0.3.tgz#b83571fa4d8c25b82e231b06e3a3055de4ca1a47"
  
  to-vfile@^2.0.0:
    version "2.2.0"
    resolved "https://registry.yarnpkg.com/to-vfile/-/to-vfile-2.2.0.tgz#342d1705e6df526d569b1fc8bfa29f1f36d6c416"
    dependencies:
      is-buffer "^1.1.4"
      vfile "^2.0.0"
      x-is-function "^1.0.4"
  
  topo@2.x.x:
    version "2.0.2"
    resolved "https://registry.yarnpkg.com/topo/-/topo-2.0.2.tgz#cd5615752539057c0dc0491a621c3bc6fbe1d182"
    dependencies:
      hoek "4.x.x"
  
  trim-right@^1.0.1:
    version "1.0.1"
    resolved "https://registry.yarnpkg.com/trim-right/-/trim-right-1.0.1.tgz#cb2e1203067e0c8de1f614094b9fe45704ea6003"
  
  trim-trailing-lines@^1.0.0:
    version "1.1.1"
    resolved "https://registry.yarnpkg.com/trim-trailing-lines/-/trim-trailing-lines-1.1.1.tgz#e0ec0810fd3c3f1730516b45f49083caaf2774d9"
  
  trim@0.0.1:
    version "0.0.1"
    resolved "https://registry.yarnpkg.com/trim/-/trim-0.0.1.tgz#5858547f6b290757ee95cccc666fb50084c460dd"
  
  trough@^1.0.0:
    version "1.0.2"
    resolved "https://registry.yarnpkg.com/trough/-/trough-1.0.2.tgz#7f1663ec55c480139e2de5e486c6aef6cc24a535"
  
  ts-node@^5.0.1:
    version "5.0.1"
    resolved "https://registry.yarnpkg.com/ts-node/-/ts-node-5.0.1.tgz#78e5d1cb3f704de1b641e43b76be2d4094f06f81"
    dependencies:
      arrify "^1.0.0"
      chalk "^2.3.0"
      diff "^3.1.0"
      make-error "^1.1.1"
      minimist "^1.2.0"
      mkdirp "^0.5.1"
      source-map-support "^0.5.3"
      yn "^2.0.0"
  
  tslib@^1.8.0, tslib@^1.8.1:
    version "1.9.2"
    resolved "https://registry.yarnpkg.com/tslib/-/tslib-1.9.2.tgz#8be0cc9a1f6dc7727c38deb16c2ebd1a2892988e"
  
  tslint@^5.9.1:
    version "5.10.0"
    resolved "https://registry.yarnpkg.com/tslint/-/tslint-5.10.0.tgz#11e26bccb88afa02dd0d9956cae3d4540b5f54c3"
    dependencies:
      babel-code-frame "^6.22.0"
      builtin-modules "^1.1.1"
      chalk "^2.3.0"
      commander "^2.12.1"
      diff "^3.2.0"
      glob "^7.1.1"
      js-yaml "^3.7.0"
      minimatch "^3.0.4"
      resolve "^1.3.2"
      semver "^5.3.0"
      tslib "^1.8.0"
      tsutils "^2.12.1"
  
  tsutils@^2.12.1:
    version "2.27.1"
    resolved "https://registry.yarnpkg.com/tsutils/-/tsutils-2.27.1.tgz#ab0276ac23664f36ce8fd4414daec4aebf4373ee"
    dependencies:
      tslib "^1.8.1"
  
  typedarray@^0.0.6:
    version "0.0.6"
    resolved "https://registry.yarnpkg.com/typedarray/-/typedarray-0.0.6.tgz#867ac74e3864187b1d3d47d996a78ec5c8830777"
  
  typescript@^2.7.2:
    version "2.9.1"
    resolved "https://registry.yarnpkg.com/typescript/-/typescript-2.9.1.tgz#fdb19d2c67a15d11995fd15640e373e09ab09961"
  
  unherit@^1.0.4:
    version "1.1.1"
    resolved "https://registry.yarnpkg.com/unherit/-/unherit-1.1.1.tgz#132748da3e88eab767e08fabfbb89c5e9d28628c"
    dependencies:
      inherits "^2.0.1"
      xtend "^4.0.1"
  
  unified-args@^5.0.0:
    version "5.1.0"
    resolved "https://registry.yarnpkg.com/unified-args/-/unified-args-5.1.0.tgz#1889200e072998a662e6e84d817d6f4b5f448dd1"
    dependencies:
      camelcase "^4.0.0"
      chalk "^2.0.0"
      chokidar "^1.5.1"
      json5 "^0.5.1"
      minimist "^1.2.0"
      text-table "^0.2.0"
      unified-engine "^5.1.0"
  
  unified-engine@^5.1.0:
    version "5.1.0"
    resolved "https://registry.yarnpkg.com/unified-engine/-/unified-engine-5.1.0.tgz#30db83bcc76c821f773bb5a8a491aa0e2471e3d1"
    dependencies:
      concat-stream "^1.5.1"
      debug "^3.1.0"
      fault "^1.0.0"
      fn-name "^2.0.1"
      glob "^7.0.3"
      ignore "^3.2.0"
      is-empty "^1.0.0"
      is-hidden "^1.0.1"
      is-object "^1.0.1"
      js-yaml "^3.6.1"
      load-plugin "^2.0.0"
      parse-json "^4.0.0"
      to-vfile "^2.0.0"
      trough "^1.0.0"
      unist-util-inspect "^4.1.2"
      vfile-reporter "^4.0.0"
      vfile-statistics "^1.1.0"
      x-is-function "^1.0.4"
      x-is-string "^0.1.0"
      xtend "^4.0.1"
  
  unified-lint-rule@^1.0.0:
    version "1.0.2"
    resolved "https://registry.yarnpkg.com/unified-lint-rule/-/unified-lint-rule-1.0.2.tgz#419270d7de71436938cbcb34d8683f56a14d74b7"
    dependencies:
      wrapped "^1.0.1"
  
  unified@^6.0.0:
    version "6.2.0"
    resolved "https://registry.yarnpkg.com/unified/-/unified-6.2.0.tgz#7fbd630f719126d67d40c644b7e3f617035f6dba"
    dependencies:
      bail "^1.0.0"
      extend "^3.0.0"
      is-plain-obj "^1.1.0"
      trough "^1.0.0"
      vfile "^2.0.0"
      x-is-string "^0.1.0"
  
  unist-util-generated@^1.1.0:
    version "1.1.2"
    resolved "https://registry.yarnpkg.com/unist-util-generated/-/unist-util-generated-1.1.2.tgz#8b993f9239d8e560be6ee6e91c3f7b7208e5ce25"
  
  unist-util-inspect@^4.1.2:
    version "4.1.3"
    resolved "https://registry.yarnpkg.com/unist-util-inspect/-/unist-util-inspect-4.1.3.tgz#39470e6d77485db285966df78431219aa1287822"
    dependencies:
      is-empty "^1.0.0"
  
  unist-util-is@^2.1.1:
    version "2.1.2"
    resolved "https://registry.yarnpkg.com/unist-util-is/-/unist-util-is-2.1.2.tgz#1193fa8f2bfbbb82150633f3a8d2eb9a1c1d55db"
  
  unist-util-modify-children@^1.0.0:
    version "1.1.2"
    resolved "https://registry.yarnpkg.com/unist-util-modify-children/-/unist-util-modify-children-1.1.2.tgz#c7f1b91712554ee59c47a05b551ed3e052a4e2d1"
    dependencies:
      array-iterate "^1.0.0"
  
  unist-util-position@^3.0.0:
    version "3.0.1"
    resolved "https://registry.yarnpkg.com/unist-util-position/-/unist-util-position-3.0.1.tgz#8e220c24658239bf7ddafada5725ed0ea1ebbc26"
  
  unist-util-remove-position@^1.0.0:
    version "1.1.2"
    resolved "https://registry.yarnpkg.com/unist-util-remove-position/-/unist-util-remove-position-1.1.2.tgz#86b5dad104d0bbfbeb1db5f5c92f3570575c12cb"
    dependencies:
      unist-util-visit "^1.1.0"
  
  unist-util-stringify-position@^1.0.0, unist-util-stringify-position@^1.1.1:
    version "1.1.2"
    resolved "https://registry.yarnpkg.com/unist-util-stringify-position/-/unist-util-stringify-position-1.1.2.tgz#3f37fcf351279dcbca7480ab5889bb8a832ee1c6"
  
  unist-util-visit@^1.1.0, unist-util-visit@^1.1.1:
    version "1.3.1"
    resolved "https://registry.yarnpkg.com/unist-util-visit/-/unist-util-visit-1.3.1.tgz#c019ac9337a62486be58531bc27e7499ae7d55c7"
    dependencies:
      unist-util-is "^2.1.1"
  
  untildify@^2.1.0:
    version "2.1.0"
    resolved "https://registry.yarnpkg.com/untildify/-/untildify-2.1.0.tgz#17eb2807987f76952e9c0485fc311d06a826a2e0"
    dependencies:
      os-homedir "^1.0.0"
  
  util-deprecate@~1.0.1:
    version "1.0.2"
    resolved "https://registry.yarnpkg.com/util-deprecate/-/util-deprecate-1.0.2.tgz#450d4dc9fa70de732762fbd2d4a28981419a0ccf"
  
  uuid@^3.2.1:
    version "3.2.1"
    resolved "https://registry.yarnpkg.com/uuid/-/uuid-3.2.1.tgz#12c528bb9d58d0b9265d9a2f6f0fe8be17ff1f14"
  
  velocityjs@^0.9.3:
    version "0.9.6"
    resolved "https://registry.yarnpkg.com/velocityjs/-/velocityjs-0.9.6.tgz#6ec82e99aa27492d2d62360c161afc4f82db89e2"
  
  vfile-location@^2.0.0, vfile-location@^2.0.1:
    version "2.0.3"
    resolved "https://registry.yarnpkg.com/vfile-location/-/vfile-location-2.0.3.tgz#083ba80e50968e8d420be49dd1ea9a992131df77"
  
  vfile-message@^1.0.0:
    version "1.0.1"
    resolved "https://registry.yarnpkg.com/vfile-message/-/vfile-message-1.0.1.tgz#51a2ccd8a6b97a7980bb34efb9ebde9632e93677"
    dependencies:
      unist-util-stringify-position "^1.1.1"
  
  vfile-reporter@^4.0.0:
    version "4.0.0"
    resolved "https://registry.yarnpkg.com/vfile-reporter/-/vfile-reporter-4.0.0.tgz#ea6f0ae1342f4841573985e05f941736f27de9da"
    dependencies:
      repeat-string "^1.5.0"
      string-width "^1.0.0"
      supports-color "^4.1.0"
      unist-util-stringify-position "^1.0.0"
      vfile-statistics "^1.1.0"
  
  vfile-statistics@^1.1.0:
    version "1.1.1"
    resolved "https://registry.yarnpkg.com/vfile-statistics/-/vfile-statistics-1.1.1.tgz#a22fd4eb844c9eaddd781ad3b3246db88375e2e3"
  
  vfile@^2.0.0:
    version "2.3.0"
    resolved "https://registry.yarnpkg.com/vfile/-/vfile-2.3.0.tgz#e62d8e72b20e83c324bc6c67278ee272488bf84a"
    dependencies:
      is-buffer "^1.1.4"
      replace-ext "1.0.0"
      unist-util-stringify-position "^1.0.0"
      vfile-message "^1.0.0"
  
  vise@2.x.x:
    version "2.0.2"
    resolved "https://registry.yarnpkg.com/vise/-/vise-2.0.2.tgz#6b08e8fb4cb76e3a50cd6dd0ec37338e811a0d39"
    dependencies:
      hoek "4.x.x"
  
  wide-align@^1.1.0:
    version "1.1.3"
    resolved "https://registry.yarnpkg.com/wide-align/-/wide-align-1.1.3.tgz#ae074e6bdc0c14a431e804e624549c633b000457"
    dependencies:
      string-width "^1.0.2 || 2"
  
  wrapped@^1.0.1:
    version "1.0.1"
    resolved "https://registry.yarnpkg.com/wrapped/-/wrapped-1.0.1.tgz#c783d9d807b273e9b01e851680a938c87c907242"
    dependencies:
      co "3.1.0"
      sliced "^1.0.1"
  
  wrappy@1:
    version "1.0.2"
    resolved "https://registry.yarnpkg.com/wrappy/-/wrappy-1.0.2.tgz#b5243d8f3ec1aa35f1364605bc0d1036e30ab69f"
  
  wreck@12.x.x:
    version "12.5.1"
    resolved "https://registry.yarnpkg.com/wreck/-/wreck-12.5.1.tgz#cd2ffce167449e1f0242ed9cf80552e20fb6902a"
    dependencies:
      boom "5.x.x"
      hoek "4.x.x"
  
  wreck@9.X.X:
    version "9.0.0"
    resolved "https://registry.yarnpkg.com/wreck/-/wreck-9.0.0.tgz#1de63d49bb07b94fe718864b8be63176e63331ec"
    dependencies:
      boom "3.x.x"
      hoek "4.x.x"
  
  x-is-function@^1.0.4:
    version "1.0.4"
    resolved "https://registry.yarnpkg.com/x-is-function/-/x-is-function-1.0.4.tgz#5d294dc3d268cbdd062580e0c5df77a391d1fa1e"
  
  x-is-string@^0.1.0:
    version "0.1.0"
    resolved "https://registry.yarnpkg.com/x-is-string/-/x-is-string-0.1.0.tgz#474b50865af3a49a9c4657f05acd145458f77d82"
  
  xtend@^4.0.1:
    version "4.0.1"
    resolved "https://registry.yarnpkg.com/xtend/-/xtend-4.0.1.tgz#a5c6d532be656e23db820efb943a1f04998d63af"
  
  yallist@^3.0.0, yallist@^3.0.2:
    version "3.0.2"
    resolved "https://registry.yarnpkg.com/yallist/-/yallist-3.0.2.tgz#8452b4bb7e83c7c188d8041c1a837c773d6d8bb9"
  
  yn@^2.0.0:
    version "2.0.0"
    resolved "https://registry.yarnpkg.com/yn/-/yn-2.0.0.tgz#e5adabc8acf408f6385fc76495684c88e6af689a"

Trace: 
  Error: Command failed.
  Exit code: 1
  Command: sh
  Arguments: -c ts-node ./api/tests/index.ts
  Directory: /Users/jeremy/Sites/ALiEM/aliemcards_cards
  Output:
  
      at ProcessTermError.MessageError (/usr/local/Cellar/yarn/1.5.1_1/libexec/lib/cli.js:186:110)
      at new ProcessTermError (/usr/local/Cellar/yarn/1.5.1_1/libexec/lib/cli.js:226:113)
      at ChildProcess.<anonymous> (/usr/local/Cellar/yarn/1.5.1_1/libexec/lib/cli.js:30281:17)
      at ChildProcess.emit (events.js:180:13)
      at maybeClose (internal/child_process.js:936:16)
      at Process.ChildProcess._handle.onexit (internal/child_process.js:220:5)
